13-Jun-2022 16:24:25.025 INFO [main] org.apache.catalina.startup.VersionLoggerListener.log Server version name:   Apache Tomcat/8.5.81
13-Jun-2022 16:24:25.034 INFO [main] org.apache.catalina.startup.VersionLoggerListener.log Server built:          Jun 8 2022 21:30:15 UTC
13-Jun-2022 16:24:25.034 INFO [main] org.apache.catalina.startup.VersionLoggerListener.log Server version number: 8.5.81.0
13-Jun-2022 16:24:25.034 INFO [main] org.apache.catalina.startup.VersionLoggerListener.log OS Name:               Linux
13-Jun-2022 16:24:25.034 INFO [main] org.apache.catalina.startup.VersionLoggerListener.log OS Version:            5.10.109-104.500.amzn2.x86_64
13-Jun-2022 16:24:25.034 INFO [main] org.apache.catalina.startup.VersionLoggerListener.log Architecture:          amd64
13-Jun-2022 16:24:25.034 INFO [main] org.apache.catalina.startup.VersionLoggerListener.log Java Home:             /usr/lib/jvm/java-11-openjdk-11.0.13.0.8-1.amzn2.0.3.x86_64
13-Jun-2022 16:24:25.035 INFO [main] org.apache.catalina.startup.VersionLoggerListener.log JVM Version:           11.0.13+8-LTS
13-Jun-2022 16:24:25.035 INFO [main] org.apache.catalina.startup.VersionLoggerListener.log JVM Vendor:            Red Hat, Inc.
13-Jun-2022 16:24:25.035 INFO [main] org.apache.catalina.startup.VersionLoggerListener.log CATALINA_BASE:         /opt/apache-tomcat-8.5.81
13-Jun-2022 16:24:25.035 INFO [main] org.apache.catalina.startup.VersionLoggerListener.log CATALINA_HOME:         /opt/apache-tomcat-8.5.81
13-Jun-2022 16:24:25.035 INFO [main] org.apache.catalina.startup.VersionLoggerListener.log Command line argument: --add-opens=java.base/java.lang=ALL-UNNAMED
13-Jun-2022 16:24:25.035 INFO [main] org.apache.catalina.startup.VersionLoggerListener.log Command line argument: --add-opens=java.base/java.io=ALL-UNNAMED
13-Jun-2022 16:24:25.035 INFO [main] org.apache.catalina.startup.VersionLoggerListener.log Command line argument: --add-opens=java.base/java.util=ALL-UNNAMED
13-Jun-2022 16:24:25.035 INFO [main] org.apache.catalina.startup.VersionLoggerListener.log Command line argument: --add-opens=java.base/java.util.concurrent=ALL-UNNAMED
13-Jun-2022 16:24:25.036 INFO [main] org.apache.catalina.startup.VersionLoggerListener.log Command line argument: --add-opens=java.rmi/sun.rmi.transport=ALL-UNNAMED
13-Jun-2022 16:24:25.036 INFO [main] org.apache.catalina.startup.VersionLoggerListener.log Command line argument: -Djava.util.logging.config.file=/opt/apache-tomcat-8.5.81/conf/logging.properties
13-Jun-2022 16:24:25.036 INFO [main] org.apache.catalina.startup.VersionLoggerListener.log Command line argument: -Djava.util.logging.manager=org.apache.juli.ClassLoaderLogManager
13-Jun-2022 16:24:25.036 INFO [main] org.apache.catalina.startup.VersionLoggerListener.log Command line argument: -Djdk.tls.ephemeralDHKeySize=2048
13-Jun-2022 16:24:25.036 INFO [main] org.apache.catalina.startup.VersionLoggerListener.log Command line argument: -Djava.protocol.handler.pkgs=org.apache.catalina.webresources
13-Jun-2022 16:24:25.036 INFO [main] org.apache.catalina.startup.VersionLoggerListener.log Command line argument: -Dorg.apache.catalina.security.SecurityListener.UMASK=0027
13-Jun-2022 16:24:25.036 INFO [main] org.apache.catalina.startup.VersionLoggerListener.log Command line argument: -Dignore.endorsed.dirs=
13-Jun-2022 16:24:25.036 INFO [main] org.apache.catalina.startup.VersionLoggerListener.log Command line argument: -Dcatalina.base=/opt/apache-tomcat-8.5.81
13-Jun-2022 16:24:25.041 INFO [main] org.apache.catalina.startup.VersionLoggerListener.log Command line argument: -Dcatalina.home=/opt/apache-tomcat-8.5.81
13-Jun-2022 16:24:25.041 INFO [main] org.apache.catalina.startup.VersionLoggerListener.log Command line argument: -Djava.io.tmpdir=/opt/apache-tomcat-8.5.81/temp
13-Jun-2022 16:24:25.045 INFO [main] org.apache.catalina.core.AprLifecycleListener.lifecycleEvent The Apache Tomcat Native library which allows using OpenSSL was not found on the java.library.path: [/usr/java/packages/lib:/usr/lib64:/lib64:/lib:/usr/lib]
13-Jun-2022 16:24:25.139 INFO [main] org.apache.coyote.AbstractProtocol.init Initializing ProtocolHandler ["http-nio-8080"]
13-Jun-2022 16:24:25.221 INFO [main] org.apache.catalina.startup.Catalina.load Initialization processed in 1544 ms
13-Jun-2022 16:24:25.443 INFO [main] org.apache.catalina.core.StandardService.startInternal Starting service [Catalina]
13-Jun-2022 16:24:25.444 INFO [main] org.apache.catalina.core.StandardEngine.startInternal Starting Servlet engine: [Apache Tomcat/8.5.81]
13-Jun-2022 16:24:25.473 INFO [localhost-startStop-1] org.apache.catalina.startup.HostConfig.deployDirectory Deploying web application directory [/opt/apache-tomcat-8.5.81/webapps/ROOT]
13-Jun-2022 16:24:26.217 INFO [localhost-startStop-1] org.apache.catalina.startup.HostConfig.deployDirectory Deployment of web application directory [/opt/apache-tomcat-8.5.81/webapps/ROOT] has finished in [743] ms
13-Jun-2022 16:24:26.221 INFO [localhost-startStop-1] org.apache.catalina.startup.HostConfig.deployDirectory Deploying web application directory [/opt/apache-tomcat-8.5.81/webapps/docs]
13-Jun-2022 16:24:26.285 INFO [localhost-startStop-1] org.apache.catalina.startup.HostConfig.deployDirectory Deployment of web application directory [/opt/apache-tomcat-8.5.81/webapps/docs] has finished in [64] ms
13-Jun-2022 16:24:26.287 INFO [localhost-startStop-1] org.apache.catalina.startup.HostConfig.deployDirectory Deploying web application directory [/opt/apache-tomcat-8.5.81/webapps/examples]
13-Jun-2022 16:24:26.986 INFO [localhost-startStop-1] org.apache.catalina.startup.HostConfig.deployDirectory Deployment of web application directory [/opt/apache-tomcat-8.5.81/webapps/examples] has finished in [699] ms
13-Jun-2022 16:24:26.987 INFO [localhost-startStop-1] org.apache.catalina.startup.HostConfig.deployDirectory Deploying web application directory [/opt/apache-tomcat-8.5.81/webapps/host-manager]
13-Jun-2022 16:24:27.068 INFO [localhost-startStop-1] org.apache.catalina.startup.HostConfig.deployDirectory Deployment of web application directory [/opt/apache-tomcat-8.5.81/webapps/host-manager] has finished in [80] ms
13-Jun-2022 16:24:27.069 INFO [localhost-startStop-1] org.apache.catalina.startup.HostConfig.deployDirectory Deploying web application directory [/opt/apache-tomcat-8.5.81/webapps/manager]
13-Jun-2022 16:24:27.137 INFO [localhost-startStop-1] org.apache.catalina.startup.HostConfig.deployDirectory Deployment of web application directory [/opt/apache-tomcat-8.5.81/webapps/manager] has finished in [68] ms
13-Jun-2022 16:24:27.144 INFO [main] org.apache.coyote.AbstractProtocol.start Starting ProtocolHandler ["http-nio-8080"]
13-Jun-2022 16:24:27.194 INFO [main] org.apache.catalina.startup.Catalina.start Server startup in 1972 ms
13-Jun-2022 16:32:47.209 INFO [ContainerBackgroundProcessor[StandardEngine[Catalina]]] org.apache.catalina.startup.HostConfig.undeploy Undeploying context [/host-manager]
13-Jun-2022 16:32:47.234 INFO [localhost-startStop-2] org.apache.catalina.startup.HostConfig.deployDirectory Deploying web application directory [/opt/apache-tomcat-8.5.81/webapps/host-manager]
13-Jun-2022 16:32:47.242 SEVERE [localhost-startStop-2] org.apache.tomcat.util.digester.Digester.fatalError Parse Fatal Error at line 21 column 5: The content of elements must consist of well-formed character data or markup.
	org.xml.sax.SAXParseException; systemId: file:///opt/apache-tomcat-8.5.81/webapps/host-manager/META-INF/context.xml; lineNumber: 21; columnNumber: 5; The content of elements must consist of well-formed character data or markup.
		at java.xml/com.sun.org.apache.xerces.internal.util.ErrorHandlerWrapper.createSAXParseException(ErrorHandlerWrapper.java:204)
		at java.xml/com.sun.org.apache.xerces.internal.util.ErrorHandlerWrapper.fatalError(ErrorHandlerWrapper.java:178)
		at java.xml/com.sun.org.apache.xerces.internal.impl.XMLErrorReporter.reportError(XMLErrorReporter.java:400)
		at java.xml/com.sun.org.apache.xerces.internal.impl.XMLErrorReporter.reportError(XMLErrorReporter.java:327)
		at java.xml/com.sun.org.apache.xerces.internal.impl.XMLScanner.reportFatalError(XMLScanner.java:1471)
		at java.xml/com.sun.org.apache.xerces.internal.impl.XMLDocumentFragmentScannerImpl$FragmentContentDriver.startOfMarkup(XMLDocumentFragmentScannerImpl.java:2562)
		at java.xml/com.sun.org.apache.xerces.internal.impl.XMLDocumentFragmentScannerImpl$FragmentContentDriver.next(XMLDocumentFragmentScannerImpl.java:2663)
		at java.xml/com.sun.org.apache.xerces.internal.impl.XMLDocumentScannerImpl.next(XMLDocumentScannerImpl.java:605)
		at java.xml/com.sun.org.apache.xerces.internal.impl.XMLDocumentFragmentScannerImpl.scanDocument(XMLDocumentFragmentScannerImpl.java:534)
		at java.xml/com.sun.org.apache.xerces.internal.parsers.XML11Configuration.parse(XML11Configuration.java:888)
		at java.xml/com.sun.org.apache.xerces.internal.parsers.XML11Configuration.parse(XML11Configuration.java:824)
		at java.xml/com.sun.org.apache.xerces.internal.parsers.XMLParser.parse(XMLParser.java:141)
		at java.xml/com.sun.org.apache.xerces.internal.parsers.AbstractSAXParser.parse(AbstractSAXParser.java:1216)
		at java.xml/com.sun.org.apache.xerces.internal.jaxp.SAXParserImpl$JAXPSAXParser.parse(SAXParserImpl.java:635)
		at org.apache.tomcat.util.digester.Digester.parse(Digester.java:1480)
		at org.apache.catalina.startup.HostConfig.deployDirectory(HostConfig.java:1137)
		at org.apache.catalina.startup.HostConfig$DeployDirectory.run(HostConfig.java:1925)
		at java.base/java.util.concurrent.Executors$RunnableAdapter.call(Executors.java:515)
		at java.base/java.util.concurrent.FutureTask.run(FutureTask.java:264)
		at java.base/java.util.concurrent.ThreadPoolExecutor.runWorker(ThreadPoolExecutor.java:1128)
		at java.base/java.util.concurrent.ThreadPoolExecutor$Worker.run(ThreadPoolExecutor.java:628)
		at java.base/java.lang.Thread.run(Thread.java:829)
13-Jun-2022 16:32:47.246 SEVERE [localhost-startStop-2] org.apache.catalina.startup.HostConfig.deployDirectory Error deploying deployment descriptor [/opt/apache-tomcat-8.5.81/webapps/host-manager/META-INF/context.xml]
	org.xml.sax.SAXParseException; systemId: file:///opt/apache-tomcat-8.5.81/webapps/host-manager/META-INF/context.xml; lineNumber: 21; columnNumber: 5; The content of elements must consist of well-formed character data or markup.
		at java.xml/com.sun.org.apache.xerces.internal.parsers.AbstractSAXParser.parse(AbstractSAXParser.java:1243)
		at java.xml/com.sun.org.apache.xerces.internal.jaxp.SAXParserImpl$JAXPSAXParser.parse(SAXParserImpl.java:635)
		at org.apache.tomcat.util.digester.Digester.parse(Digester.java:1480)
		at org.apache.catalina.startup.HostConfig.deployDirectory(HostConfig.java:1137)
		at org.apache.catalina.startup.HostConfig$DeployDirectory.run(HostConfig.java:1925)
		at java.base/java.util.concurrent.Executors$RunnableAdapter.call(Executors.java:515)
		at java.base/java.util.concurrent.FutureTask.run(FutureTask.java:264)
		at java.base/java.util.concurrent.ThreadPoolExecutor.runWorker(ThreadPoolExecutor.java:1128)
		at java.base/java.util.concurrent.ThreadPoolExecutor$Worker.run(ThreadPoolExecutor.java:628)
		at java.base/java.lang.Thread.run(Thread.java:829)
13-Jun-2022 16:32:47.260 WARNING [localhost-startStop-2] org.apache.catalina.startup.SetContextPropertiesRule.begin [SetContextPropertiesRule]{Context} Setting property 'antiResourceLocking' to 'false' did not find a matching property.
13-Jun-2022 16:32:47.261 SEVERE [localhost-startStop-2] org.apache.tomcat.util.digester.Digester.fatalError Parse Fatal Error at line 21 column 5: The content of elements must consist of well-formed character data or markup.
	org.xml.sax.SAXParseException; systemId: file:/opt/apache-tomcat-8.5.81/webapps/host-manager/META-INF/context.xml; lineNumber: 21; columnNumber: 5; The content of elements must consist of well-formed character data or markup.
		at java.xml/com.sun.org.apache.xerces.internal.util.ErrorHandlerWrapper.createSAXParseException(ErrorHandlerWrapper.java:204)
		at java.xml/com.sun.org.apache.xerces.internal.util.ErrorHandlerWrapper.fatalError(ErrorHandlerWrapper.java:178)
		at java.xml/com.sun.org.apache.xerces.internal.impl.XMLErrorReporter.reportError(XMLErrorReporter.java:400)
		at java.xml/com.sun.org.apache.xerces.internal.impl.XMLErrorReporter.reportError(XMLErrorReporter.java:327)
		at java.xml/com.sun.org.apache.xerces.internal.impl.XMLScanner.reportFatalError(XMLScanner.java:1471)
		at java.xml/com.sun.org.apache.xerces.internal.impl.XMLDocumentFragmentScannerImpl$FragmentContentDriver.startOfMarkup(XMLDocumentFragmentScannerImpl.java:2562)
		at java.xml/com.sun.org.apache.xerces.internal.impl.XMLDocumentFragmentScannerImpl$FragmentContentDriver.next(XMLDocumentFragmentScannerImpl.java:2663)
		at java.xml/com.sun.org.apache.xerces.internal.impl.XMLDocumentScannerImpl.next(XMLDocumentScannerImpl.java:605)
		at java.xml/com.sun.org.apache.xerces.internal.impl.XMLDocumentFragmentScannerImpl.scanDocument(XMLDocumentFragmentScannerImpl.java:534)
		at java.xml/com.sun.org.apache.xerces.internal.parsers.XML11Configuration.parse(XML11Configuration.java:888)
		at java.xml/com.sun.org.apache.xerces.internal.parsers.XML11Configuration.parse(XML11Configuration.java:824)
		at java.xml/com.sun.org.apache.xerces.internal.parsers.XMLParser.parse(XMLParser.java:141)
		at java.xml/com.sun.org.apache.xerces.internal.parsers.AbstractSAXParser.parse(AbstractSAXParser.java:1216)
		at java.xml/com.sun.org.apache.xerces.internal.jaxp.SAXParserImpl$JAXPSAXParser.parse(SAXParserImpl.java:635)
		at org.apache.tomcat.util.digester.Digester.parse(Digester.java:1496)
		at org.apache.catalina.startup.ContextConfig.processContextConfig(ContextConfig.java:530)
		at org.apache.catalina.startup.ContextConfig.contextConfig(ContextConfig.java:487)
		at org.apache.catalina.startup.ContextConfig.init(ContextConfig.java:742)
		at org.apache.catalina.startup.ContextConfig.lifecycleEvent(ContextConfig.java:310)
		at org.apache.catalina.util.LifecycleBase.fireLifecycleEvent(LifecycleBase.java:123)
		at org.apache.catalina.util.LifecycleBase.setStateInternal(LifecycleBase.java:423)
		at org.apache.catalina.util.LifecycleBase.init(LifecycleBase.java:137)
		at org.apache.catalina.util.LifecycleBase.start(LifecycleBase.java:173)
		at org.apache.catalina.core.ContainerBase.addChildInternal(ContainerBase.java:753)
		at org.apache.catalina.core.ContainerBase.addChild(ContainerBase.java:727)
		at org.apache.catalina.core.StandardHost.addChild(StandardHost.java:695)
		at org.apache.catalina.startup.HostConfig.deployDirectory(HostConfig.java:1177)
		at org.apache.catalina.startup.HostConfig$DeployDirectory.run(HostConfig.java:1925)
		at java.base/java.util.concurrent.Executors$RunnableAdapter.call(Executors.java:515)
		at java.base/java.util.concurrent.FutureTask.run(FutureTask.java:264)
		at java.base/java.util.concurrent.ThreadPoolExecutor.runWorker(ThreadPoolExecutor.java:1128)
		at java.base/java.util.concurrent.ThreadPoolExecutor$Worker.run(ThreadPoolExecutor.java:628)
		at java.base/java.lang.Thread.run(Thread.java:829)
13-Jun-2022 16:32:47.262 SEVERE [localhost-startStop-2] org.apache.catalina.startup.ContextConfig.processContextConfig Parse error in context.xml for [/host-manager]
	org.xml.sax.SAXParseException; systemId: file:/opt/apache-tomcat-8.5.81/webapps/host-manager/META-INF/context.xml; lineNumber: 21; columnNumber: 5; The content of elements must consist of well-formed character data or markup.
		at java.xml/com.sun.org.apache.xerces.internal.util.ErrorHandlerWrapper.createSAXParseException(ErrorHandlerWrapper.java:204)
		at java.xml/com.sun.org.apache.xerces.internal.util.ErrorHandlerWrapper.fatalError(ErrorHandlerWrapper.java:178)
		at java.xml/com.sun.org.apache.xerces.internal.impl.XMLErrorReporter.reportError(XMLErrorReporter.java:400)
		at java.xml/com.sun.org.apache.xerces.internal.impl.XMLErrorReporter.reportError(XMLErrorReporter.java:327)
		at java.xml/com.sun.org.apache.xerces.internal.impl.XMLScanner.reportFatalError(XMLScanner.java:1471)
		at java.xml/com.sun.org.apache.xerces.internal.impl.XMLDocumentFragmentScannerImpl$FragmentContentDriver.startOfMarkup(XMLDocumentFragmentScannerImpl.java:2562)
		at java.xml/com.sun.org.apache.xerces.internal.impl.XMLDocumentFragmentScannerImpl$FragmentContentDriver.next(XMLDocumentFragmentScannerImpl.java:2663)
		at java.xml/com.sun.org.apache.xerces.internal.impl.XMLDocumentScannerImpl.next(XMLDocumentScannerImpl.java:605)
		at java.xml/com.sun.org.apache.xerces.internal.impl.XMLDocumentFragmentScannerImpl.scanDocument(XMLDocumentFragmentScannerImpl.java:534)
		at java.xml/com.sun.org.apache.xerces.internal.parsers.XML11Configuration.parse(XML11Configuration.java:888)
		at java.xml/com.sun.org.apache.xerces.internal.parsers.XML11Configuration.parse(XML11Configuration.java:824)
		at java.xml/com.sun.org.apache.xerces.internal.parsers.XMLParser.parse(XMLParser.java:141)
		at java.xml/com.sun.org.apache.xerces.internal.parsers.AbstractSAXParser.parse(AbstractSAXParser.java:1216)
		at java.xml/com.sun.org.apache.xerces.internal.jaxp.SAXParserImpl$JAXPSAXParser.parse(SAXParserImpl.java:635)
		at org.apache.tomcat.util.digester.Digester.parse(Digester.java:1496)
		at org.apache.catalina.startup.ContextConfig.processContextConfig(ContextConfig.java:530)
		at org.apache.catalina.startup.ContextConfig.contextConfig(ContextConfig.java:487)
		at org.apache.catalina.startup.ContextConfig.init(ContextConfig.java:742)
		at org.apache.catalina.startup.ContextConfig.lifecycleEvent(ContextConfig.java:310)
		at org.apache.catalina.util.LifecycleBase.fireLifecycleEvent(LifecycleBase.java:123)
		at org.apache.catalina.util.LifecycleBase.setStateInternal(LifecycleBase.java:423)
		at org.apache.catalina.util.LifecycleBase.init(LifecycleBase.java:137)
		at org.apache.catalina.util.LifecycleBase.start(LifecycleBase.java:173)
		at org.apache.catalina.core.ContainerBase.addChildInternal(ContainerBase.java:753)
		at org.apache.catalina.core.ContainerBase.addChild(ContainerBase.java:727)
		at org.apache.catalina.core.StandardHost.addChild(StandardHost.java:695)
		at org.apache.catalina.startup.HostConfig.deployDirectory(HostConfig.java:1177)
		at org.apache.catalina.startup.HostConfig$DeployDirectory.run(HostConfig.java:1925)
		at java.base/java.util.concurrent.Executors$RunnableAdapter.call(Executors.java:515)
		at java.base/java.util.concurrent.FutureTask.run(FutureTask.java:264)
		at java.base/java.util.concurrent.ThreadPoolExecutor.runWorker(ThreadPoolExecutor.java:1128)
		at java.base/java.util.concurrent.ThreadPoolExecutor$Worker.run(ThreadPoolExecutor.java:628)
		at java.base/java.lang.Thread.run(Thread.java:829)
13-Jun-2022 16:32:47.263 SEVERE [localhost-startStop-2] org.apache.catalina.startup.ContextConfig.processContextConfig Occurred at line [21] column [5]
13-Jun-2022 16:32:47.263 SEVERE [localhost-startStop-2] org.apache.catalina.core.ContainerBase.addChildInternal ContainerBase.addChild: start: 
	org.apache.catalina.LifecycleException: Failed to process either the global, per-host or context-specific context.xml file therefore the [/host-manager] Context cannot be started.
		at org.apache.catalina.startup.FailedContext.startInternal(FailedContext.java:200)
		at org.apache.catalina.util.LifecycleBase.start(LifecycleBase.java:183)
		at org.apache.catalina.core.ContainerBase.addChildInternal(ContainerBase.java:753)
		at org.apache.catalina.core.ContainerBase.addChild(ContainerBase.java:727)
		at org.apache.catalina.core.StandardHost.addChild(StandardHost.java:695)
		at org.apache.catalina.startup.HostConfig.deployDirectory(HostConfig.java:1177)
		at org.apache.catalina.startup.HostConfig$DeployDirectory.run(HostConfig.java:1925)
		at java.base/java.util.concurrent.Executors$RunnableAdapter.call(Executors.java:515)
		at java.base/java.util.concurrent.FutureTask.run(FutureTask.java:264)
		at java.base/java.util.concurrent.ThreadPoolExecutor.runWorker(ThreadPoolExecutor.java:1128)
		at java.base/java.util.concurrent.ThreadPoolExecutor$Worker.run(ThreadPoolExecutor.java:628)
		at java.base/java.lang.Thread.run(Thread.java:829)
13-Jun-2022 16:32:47.264 SEVERE [localhost-startStop-2] org.apache.catalina.startup.HostConfig.deployDirectory Error deploying web application directory [/opt/apache-tomcat-8.5.81/webapps/host-manager]
	java.lang.IllegalStateException: Error starting child
		at org.apache.catalina.core.ContainerBase.addChildInternal(ContainerBase.java:757)
		at org.apache.catalina.core.ContainerBase.addChild(ContainerBase.java:727)
		at org.apache.catalina.core.StandardHost.addChild(StandardHost.java:695)
		at org.apache.catalina.startup.HostConfig.deployDirectory(HostConfig.java:1177)
		at org.apache.catalina.startup.HostConfig$DeployDirectory.run(HostConfig.java:1925)
		at java.base/java.util.concurrent.Executors$RunnableAdapter.call(Executors.java:515)
		at java.base/java.util.concurrent.FutureTask.run(FutureTask.java:264)
		at java.base/java.util.concurrent.ThreadPoolExecutor.runWorker(ThreadPoolExecutor.java:1128)
		at java.base/java.util.concurrent.ThreadPoolExecutor$Worker.run(ThreadPoolExecutor.java:628)
		at java.base/java.lang.Thread.run(Thread.java:829)
	Caused by: org.apache.catalina.LifecycleException: Failed to process either the global, per-host or context-specific context.xml file therefore the [/host-manager] Context cannot be started.
		at org.apache.catalina.startup.FailedContext.startInternal(FailedContext.java:200)
		at org.apache.catalina.util.LifecycleBase.start(LifecycleBase.java:183)
		at org.apache.catalina.core.ContainerBase.addChildInternal(ContainerBase.java:753)
		... 9 more
13-Jun-2022 16:32:47.266 INFO [localhost-startStop-2] org.apache.catalina.startup.HostConfig.deployDirectory Deployment of web application directory [/opt/apache-tomcat-8.5.81/webapps/host-manager] has finished in [32] ms
13-Jun-2022 16:33:17.272 INFO [ContainerBackgroundProcessor[StandardEngine[Catalina]]] org.apache.catalina.startup.HostConfig.undeploy Undeploying context [/manager]
13-Jun-2022 16:33:17.289 INFO [localhost-startStop-3] org.apache.catalina.startup.HostConfig.deployDirectory Deploying web application directory [/opt/apache-tomcat-8.5.81/webapps/manager]
13-Jun-2022 16:33:17.292 SEVERE [localhost-startStop-3] org.apache.tomcat.util.digester.Digester.fatalError Parse Fatal Error at line 21 column 5: The content of elements must consist of well-formed character data or markup.
	org.xml.sax.SAXParseException; systemId: file:///opt/apache-tomcat-8.5.81/webapps/manager/META-INF/context.xml; lineNumber: 21; columnNumber: 5; The content of elements must consist of well-formed character data or markup.
		at java.xml/com.sun.org.apache.xerces.internal.util.ErrorHandlerWrapper.createSAXParseException(ErrorHandlerWrapper.java:204)
		at java.xml/com.sun.org.apache.xerces.internal.util.ErrorHandlerWrapper.fatalError(ErrorHandlerWrapper.java:178)
		at java.xml/com.sun.org.apache.xerces.internal.impl.XMLErrorReporter.reportError(XMLErrorReporter.java:400)
		at java.xml/com.sun.org.apache.xerces.internal.impl.XMLErrorReporter.reportError(XMLErrorReporter.java:327)
		at java.xml/com.sun.org.apache.xerces.internal.impl.XMLScanner.reportFatalError(XMLScanner.java:1471)
		at java.xml/com.sun.org.apache.xerces.internal.impl.XMLDocumentFragmentScannerImpl$FragmentContentDriver.startOfMarkup(XMLDocumentFragmentScannerImpl.java:2562)
		at java.xml/com.sun.org.apache.xerces.internal.impl.XMLDocumentFragmentScannerImpl$FragmentContentDriver.next(XMLDocumentFragmentScannerImpl.java:2663)
		at java.xml/com.sun.org.apache.xerces.internal.impl.XMLDocumentScannerImpl.next(XMLDocumentScannerImpl.java:605)
		at java.xml/com.sun.org.apache.xerces.internal.impl.XMLDocumentFragmentScannerImpl.scanDocument(XMLDocumentFragmentScannerImpl.java:534)
		at java.xml/com.sun.org.apache.xerces.internal.parsers.XML11Configuration.parse(XML11Configuration.java:888)
		at java.xml/com.sun.org.apache.xerces.internal.parsers.XML11Configuration.parse(XML11Configuration.java:824)
		at java.xml/com.sun.org.apache.xerces.internal.parsers.XMLParser.parse(XMLParser.java:141)
		at java.xml/com.sun.org.apache.xerces.internal.parsers.AbstractSAXParser.parse(AbstractSAXParser.java:1216)
		at java.xml/com.sun.org.apache.xerces.internal.jaxp.SAXParserImpl$JAXPSAXParser.parse(SAXParserImpl.java:635)
		at org.apache.tomcat.util.digester.Digester.parse(Digester.java:1480)
		at org.apache.catalina.startup.HostConfig.deployDirectory(HostConfig.java:1137)
		at org.apache.catalina.startup.HostConfig$DeployDirectory.run(HostConfig.java:1925)
		at java.base/java.util.concurrent.Executors$RunnableAdapter.call(Executors.java:515)
		at java.base/java.util.concurrent.FutureTask.run(FutureTask.java:264)
		at java.base/java.util.concurrent.ThreadPoolExecutor.runWorker(ThreadPoolExecutor.java:1128)
		at java.base/java.util.concurrent.ThreadPoolExecutor$Worker.run(ThreadPoolExecutor.java:628)
		at java.base/java.lang.Thread.run(Thread.java:829)
13-Jun-2022 16:33:17.295 SEVERE [localhost-startStop-3] org.apache.catalina.startup.HostConfig.deployDirectory Error deploying deployment descriptor [/opt/apache-tomcat-8.5.81/webapps/manager/META-INF/context.xml]
	org.xml.sax.SAXParseException; systemId: file:///opt/apache-tomcat-8.5.81/webapps/manager/META-INF/context.xml; lineNumber: 21; columnNumber: 5; The content of elements must consist of well-formed character data or markup.
		at java.xml/com.sun.org.apache.xerces.internal.parsers.AbstractSAXParser.parse(AbstractSAXParser.java:1243)
		at java.xml/com.sun.org.apache.xerces.internal.jaxp.SAXParserImpl$JAXPSAXParser.parse(SAXParserImpl.java:635)
		at org.apache.tomcat.util.digester.Digester.parse(Digester.java:1480)
		at org.apache.catalina.startup.HostConfig.deployDirectory(HostConfig.java:1137)
		at org.apache.catalina.startup.HostConfig$DeployDirectory.run(HostConfig.java:1925)
		at java.base/java.util.concurrent.Executors$RunnableAdapter.call(Executors.java:515)
		at java.base/java.util.concurrent.FutureTask.run(FutureTask.java:264)
		at java.base/java.util.concurrent.ThreadPoolExecutor.runWorker(ThreadPoolExecutor.java:1128)
		at java.base/java.util.concurrent.ThreadPoolExecutor$Worker.run(ThreadPoolExecutor.java:628)
		at java.base/java.lang.Thread.run(Thread.java:829)
13-Jun-2022 16:33:17.297 WARNING [localhost-startStop-3] org.apache.catalina.startup.SetContextPropertiesRule.begin [SetContextPropertiesRule]{Context} Setting property 'antiResourceLocking' to 'false' did not find a matching property.
13-Jun-2022 16:33:17.298 SEVERE [localhost-startStop-3] org.apache.tomcat.util.digester.Digester.fatalError Parse Fatal Error at line 21 column 5: The content of elements must consist of well-formed character data or markup.
	org.xml.sax.SAXParseException; systemId: file:/opt/apache-tomcat-8.5.81/webapps/manager/META-INF/context.xml; lineNumber: 21; columnNumber: 5; The content of elements must consist of well-formed character data or markup.
		at java.xml/com.sun.org.apache.xerces.internal.util.ErrorHandlerWrapper.createSAXParseException(ErrorHandlerWrapper.java:204)
		at java.xml/com.sun.org.apache.xerces.internal.util.ErrorHandlerWrapper.fatalError(ErrorHandlerWrapper.java:178)
		at java.xml/com.sun.org.apache.xerces.internal.impl.XMLErrorReporter.reportError(XMLErrorReporter.java:400)
		at java.xml/com.sun.org.apache.xerces.internal.impl.XMLErrorReporter.reportError(XMLErrorReporter.java:327)
		at java.xml/com.sun.org.apache.xerces.internal.impl.XMLScanner.reportFatalError(XMLScanner.java:1471)
		at java.xml/com.sun.org.apache.xerces.internal.impl.XMLDocumentFragmentScannerImpl$FragmentContentDriver.startOfMarkup(XMLDocumentFragmentScannerImpl.java:2562)
		at java.xml/com.sun.org.apache.xerces.internal.impl.XMLDocumentFragmentScannerImpl$FragmentContentDriver.next(XMLDocumentFragmentScannerImpl.java:2663)
		at java.xml/com.sun.org.apache.xerces.internal.impl.XMLDocumentScannerImpl.next(XMLDocumentScannerImpl.java:605)
		at java.xml/com.sun.org.apache.xerces.internal.impl.XMLDocumentFragmentScannerImpl.scanDocument(XMLDocumentFragmentScannerImpl.java:534)
		at java.xml/com.sun.org.apache.xerces.internal.parsers.XML11Configuration.parse(XML11Configuration.java:888)
		at java.xml/com.sun.org.apache.xerces.internal.parsers.XML11Configuration.parse(XML11Configuration.java:824)
		at java.xml/com.sun.org.apache.xerces.internal.parsers.XMLParser.parse(XMLParser.java:141)
		at java.xml/com.sun.org.apache.xerces.internal.parsers.AbstractSAXParser.parse(AbstractSAXParser.java:1216)
		at java.xml/com.sun.org.apache.xerces.internal.jaxp.SAXParserImpl$JAXPSAXParser.parse(SAXParserImpl.java:635)
		at org.apache.tomcat.util.digester.Digester.parse(Digester.java:1496)
		at org.apache.catalina.startup.ContextConfig.processContextConfig(ContextConfig.java:530)
		at org.apache.catalina.startup.ContextConfig.contextConfig(ContextConfig.java:487)
		at org.apache.catalina.startup.ContextConfig.init(ContextConfig.java:742)
		at org.apache.catalina.startup.ContextConfig.lifecycleEvent(ContextConfig.java:310)
		at org.apache.catalina.util.LifecycleBase.fireLifecycleEvent(LifecycleBase.java:123)
		at org.apache.catalina.util.LifecycleBase.setStateInternal(LifecycleBase.java:423)
		at org.apache.catalina.util.LifecycleBase.init(LifecycleBase.java:137)
		at org.apache.catalina.util.LifecycleBase.start(LifecycleBase.java:173)
		at org.apache.catalina.core.ContainerBase.addChildInternal(ContainerBase.java:753)
		at org.apache.catalina.core.ContainerBase.addChild(ContainerBase.java:727)
		at org.apache.catalina.core.StandardHost.addChild(StandardHost.java:695)
		at org.apache.catalina.startup.HostConfig.deployDirectory(HostConfig.java:1177)
		at org.apache.catalina.startup.HostConfig$DeployDirectory.run(HostConfig.java:1925)
		at java.base/java.util.concurrent.Executors$RunnableAdapter.call(Executors.java:515)
		at java.base/java.util.concurrent.FutureTask.run(FutureTask.java:264)
		at java.base/java.util.concurrent.ThreadPoolExecutor.runWorker(ThreadPoolExecutor.java:1128)
		at java.base/java.util.concurrent.ThreadPoolExecutor$Worker.run(ThreadPoolExecutor.java:628)
		at java.base/java.lang.Thread.run(Thread.java:829)
13-Jun-2022 16:33:17.299 SEVERE [localhost-startStop-3] org.apache.catalina.startup.ContextConfig.processContextConfig Parse error in context.xml for [/manager]
	org.xml.sax.SAXParseException; systemId: file:/opt/apache-tomcat-8.5.81/webapps/manager/META-INF/context.xml; lineNumber: 21; columnNumber: 5; The content of elements must consist of well-formed character data or markup.
		at java.xml/com.sun.org.apache.xerces.internal.util.ErrorHandlerWrapper.createSAXParseException(ErrorHandlerWrapper.java:204)
		at java.xml/com.sun.org.apache.xerces.internal.util.ErrorHandlerWrapper.fatalError(ErrorHandlerWrapper.java:178)
		at java.xml/com.sun.org.apache.xerces.internal.impl.XMLErrorReporter.reportError(XMLErrorReporter.java:400)
		at java.xml/com.sun.org.apache.xerces.internal.impl.XMLErrorReporter.reportError(XMLErrorReporter.java:327)
		at java.xml/com.sun.org.apache.xerces.internal.impl.XMLScanner.reportFatalError(XMLScanner.java:1471)
		at java.xml/com.sun.org.apache.xerces.internal.impl.XMLDocumentFragmentScannerImpl$FragmentContentDriver.startOfMarkup(XMLDocumentFragmentScannerImpl.java:2562)
		at java.xml/com.sun.org.apache.xerces.internal.impl.XMLDocumentFragmentScannerImpl$FragmentContentDriver.next(XMLDocumentFragmentScannerImpl.java:2663)
		at java.xml/com.sun.org.apache.xerces.internal.impl.XMLDocumentScannerImpl.next(XMLDocumentScannerImpl.java:605)
		at java.xml/com.sun.org.apache.xerces.internal.impl.XMLDocumentFragmentScannerImpl.scanDocument(XMLDocumentFragmentScannerImpl.java:534)
		at java.xml/com.sun.org.apache.xerces.internal.parsers.XML11Configuration.parse(XML11Configuration.java:888)
		at java.xml/com.sun.org.apache.xerces.internal.parsers.XML11Configuration.parse(XML11Configuration.java:824)
		at java.xml/com.sun.org.apache.xerces.internal.parsers.XMLParser.parse(XMLParser.java:141)
		at java.xml/com.sun.org.apache.xerces.internal.parsers.AbstractSAXParser.parse(AbstractSAXParser.java:1216)
		at java.xml/com.sun.org.apache.xerces.internal.jaxp.SAXParserImpl$JAXPSAXParser.parse(SAXParserImpl.java:635)
		at org.apache.tomcat.util.digester.Digester.parse(Digester.java:1496)
		at org.apache.catalina.startup.ContextConfig.processContextConfig(ContextConfig.java:530)
		at org.apache.catalina.startup.ContextConfig.contextConfig(ContextConfig.java:487)
		at org.apache.catalina.startup.ContextConfig.init(ContextConfig.java:742)
		at org.apache.catalina.startup.ContextConfig.lifecycleEvent(ContextConfig.java:310)
		at org.apache.catalina.util.LifecycleBase.fireLifecycleEvent(LifecycleBase.java:123)
		at org.apache.catalina.util.LifecycleBase.setStateInternal(LifecycleBase.java:423)
		at org.apache.catalina.util.LifecycleBase.init(LifecycleBase.java:137)
		at org.apache.catalina.util.LifecycleBase.start(LifecycleBase.java:173)
		at org.apache.catalina.core.ContainerBase.addChildInternal(ContainerBase.java:753)
		at org.apache.catalina.core.ContainerBase.addChild(ContainerBase.java:727)
		at org.apache.catalina.core.StandardHost.addChild(StandardHost.java:695)
		at org.apache.catalina.startup.HostConfig.deployDirectory(HostConfig.java:1177)
		at org.apache.catalina.startup.HostConfig$DeployDirectory.run(HostConfig.java:1925)
		at java.base/java.util.concurrent.Executors$RunnableAdapter.call(Executors.java:515)
		at java.base/java.util.concurrent.FutureTask.run(FutureTask.java:264)
		at java.base/java.util.concurrent.ThreadPoolExecutor.runWorker(ThreadPoolExecutor.java:1128)
		at java.base/java.util.concurrent.ThreadPoolExecutor$Worker.run(ThreadPoolExecutor.java:628)
		at java.base/java.lang.Thread.run(Thread.java:829)
13-Jun-2022 16:33:17.300 SEVERE [localhost-startStop-3] org.apache.catalina.startup.ContextConfig.processContextConfig Occurred at line [21] column [5]
13-Jun-2022 16:33:17.300 SEVERE [localhost-startStop-3] org.apache.catalina.core.ContainerBase.addChildInternal ContainerBase.addChild: start: 
	org.apache.catalina.LifecycleException: Failed to process either the global, per-host or context-specific context.xml file therefore the [/manager] Context cannot be started.
		at org.apache.catalina.startup.FailedContext.startInternal(FailedContext.java:200)
		at org.apache.catalina.util.LifecycleBase.start(LifecycleBase.java:183)
		at org.apache.catalina.core.ContainerBase.addChildInternal(ContainerBase.java:753)
		at org.apache.catalina.core.ContainerBase.addChild(ContainerBase.java:727)
		at org.apache.catalina.core.StandardHost.addChild(StandardHost.java:695)
		at org.apache.catalina.startup.HostConfig.deployDirectory(HostConfig.java:1177)
		at org.apache.catalina.startup.HostConfig$DeployDirectory.run(HostConfig.java:1925)
		at java.base/java.util.concurrent.Executors$RunnableAdapter.call(Executors.java:515)
		at java.base/java.util.concurrent.FutureTask.run(FutureTask.java:264)
		at java.base/java.util.concurrent.ThreadPoolExecutor.runWorker(ThreadPoolExecutor.java:1128)
		at java.base/java.util.concurrent.ThreadPoolExecutor$Worker.run(ThreadPoolExecutor.java:628)
		at java.base/java.lang.Thread.run(Thread.java:829)
13-Jun-2022 16:33:17.301 SEVERE [localhost-startStop-3] org.apache.catalina.startup.HostConfig.deployDirectory Error deploying web application directory [/opt/apache-tomcat-8.5.81/webapps/manager]
	java.lang.IllegalStateException: Error starting child
		at org.apache.catalina.core.ContainerBase.addChildInternal(ContainerBase.java:757)
		at org.apache.catalina.core.ContainerBase.addChild(ContainerBase.java:727)
		at org.apache.catalina.core.StandardHost.addChild(StandardHost.java:695)
		at org.apache.catalina.startup.HostConfig.deployDirectory(HostConfig.java:1177)
		at org.apache.catalina.startup.HostConfig$DeployDirectory.run(HostConfig.java:1925)
		at java.base/java.util.concurrent.Executors$RunnableAdapter.call(Executors.java:515)
		at java.base/java.util.concurrent.FutureTask.run(FutureTask.java:264)
		at java.base/java.util.concurrent.ThreadPoolExecutor.runWorker(ThreadPoolExecutor.java:1128)
		at java.base/java.util.concurrent.ThreadPoolExecutor$Worker.run(ThreadPoolExecutor.java:628)
		at java.base/java.lang.Thread.run(Thread.java:829)
	Caused by: org.apache.catalina.LifecycleException: Failed to process either the global, per-host or context-specific context.xml file therefore the [/manager] Context cannot be started.
		at org.apache.catalina.startup.FailedContext.startInternal(FailedContext.java:200)
		at org.apache.catalina.util.LifecycleBase.start(LifecycleBase.java:183)
		at org.apache.catalina.core.ContainerBase.addChildInternal(ContainerBase.java:753)
		... 9 more
13-Jun-2022 16:33:17.302 INFO [localhost-startStop-3] org.apache.catalina.startup.HostConfig.deployDirectory Deployment of web application directory [/opt/apache-tomcat-8.5.81/webapps/manager] has finished in [13] ms
13-Jun-2022 16:33:28.033 INFO [main] org.apache.catalina.core.StandardServer.await A valid shutdown command was received via the shutdown port. Stopping the Server instance.
13-Jun-2022 16:33:28.034 INFO [main] org.apache.coyote.AbstractProtocol.pause Pausing ProtocolHandler ["http-nio-8080"]
13-Jun-2022 16:33:28.038 INFO [main] org.apache.catalina.core.StandardService.stopInternal Stopping service [Catalina]
13-Jun-2022 16:33:28.078 INFO [main] org.apache.coyote.AbstractProtocol.stop Stopping ProtocolHandler ["http-nio-8080"]
13-Jun-2022 16:33:28.089 INFO [main] org.apache.coyote.AbstractProtocol.destroy Destroying ProtocolHandler ["http-nio-8080"]
13-Jun-2022 16:33:37.257 INFO [main] org.apache.catalina.startup.VersionLoggerListener.log Server version name:   Apache Tomcat/8.5.81
13-Jun-2022 16:33:37.268 INFO [main] org.apache.catalina.startup.VersionLoggerListener.log Server built:          Jun 8 2022 21:30:15 UTC
13-Jun-2022 16:33:37.268 INFO [main] org.apache.catalina.startup.VersionLoggerListener.log Server version number: 8.5.81.0
13-Jun-2022 16:33:37.268 INFO [main] org.apache.catalina.startup.VersionLoggerListener.log OS Name:               Linux
13-Jun-2022 16:33:37.268 INFO [main] org.apache.catalina.startup.VersionLoggerListener.log OS Version:            5.10.109-104.500.amzn2.x86_64
13-Jun-2022 16:33:37.268 INFO [main] org.apache.catalina.startup.VersionLoggerListener.log Architecture:          amd64
13-Jun-2022 16:33:37.268 INFO [main] org.apache.catalina.startup.VersionLoggerListener.log Java Home:             /usr/lib/jvm/java-11-openjdk-11.0.13.0.8-1.amzn2.0.3.x86_64
13-Jun-2022 16:33:37.269 INFO [main] org.apache.catalina.startup.VersionLoggerListener.log JVM Version:           11.0.13+8-LTS
13-Jun-2022 16:33:37.269 INFO [main] org.apache.catalina.startup.VersionLoggerListener.log JVM Vendor:            Red Hat, Inc.
13-Jun-2022 16:33:37.269 INFO [main] org.apache.catalina.startup.VersionLoggerListener.log CATALINA_BASE:         /opt/apache-tomcat-8.5.81
13-Jun-2022 16:33:37.269 INFO [main] org.apache.catalina.startup.VersionLoggerListener.log CATALINA_HOME:         /opt/apache-tomcat-8.5.81
13-Jun-2022 16:33:37.269 INFO [main] org.apache.catalina.startup.VersionLoggerListener.log Command line argument: --add-opens=java.base/java.lang=ALL-UNNAMED
13-Jun-2022 16:33:37.269 INFO [main] org.apache.catalina.startup.VersionLoggerListener.log Command line argument: --add-opens=java.base/java.io=ALL-UNNAMED
13-Jun-2022 16:33:37.269 INFO [main] org.apache.catalina.startup.VersionLoggerListener.log Command line argument: --add-opens=java.base/java.util=ALL-UNNAMED
13-Jun-2022 16:33:37.269 INFO [main] org.apache.catalina.startup.VersionLoggerListener.log Command line argument: --add-opens=java.base/java.util.concurrent=ALL-UNNAMED
13-Jun-2022 16:33:37.269 INFO [main] org.apache.catalina.startup.VersionLoggerListener.log Command line argument: --add-opens=java.rmi/sun.rmi.transport=ALL-UNNAMED
13-Jun-2022 16:33:37.270 INFO [main] org.apache.catalina.startup.VersionLoggerListener.log Command line argument: -Djava.util.logging.config.file=/opt/apache-tomcat-8.5.81/conf/logging.properties
13-Jun-2022 16:33:37.270 INFO [main] org.apache.catalina.startup.VersionLoggerListener.log Command line argument: -Djava.util.logging.manager=org.apache.juli.ClassLoaderLogManager
13-Jun-2022 16:33:37.270 INFO [main] org.apache.catalina.startup.VersionLoggerListener.log Command line argument: -Djdk.tls.ephemeralDHKeySize=2048
13-Jun-2022 16:33:37.270 INFO [main] org.apache.catalina.startup.VersionLoggerListener.log Command line argument: -Djava.protocol.handler.pkgs=org.apache.catalina.webresources
13-Jun-2022 16:33:37.270 INFO [main] org.apache.catalina.startup.VersionLoggerListener.log Command line argument: -Dorg.apache.catalina.security.SecurityListener.UMASK=0027
13-Jun-2022 16:33:37.270 INFO [main] org.apache.catalina.startup.VersionLoggerListener.log Command line argument: -Dignore.endorsed.dirs=
13-Jun-2022 16:33:37.270 INFO [main] org.apache.catalina.startup.VersionLoggerListener.log Command line argument: -Dcatalina.base=/opt/apache-tomcat-8.5.81
13-Jun-2022 16:33:37.270 INFO [main] org.apache.catalina.startup.VersionLoggerListener.log Command line argument: -Dcatalina.home=/opt/apache-tomcat-8.5.81
13-Jun-2022 16:33:37.270 INFO [main] org.apache.catalina.startup.VersionLoggerListener.log Command line argument: -Djava.io.tmpdir=/opt/apache-tomcat-8.5.81/temp
13-Jun-2022 16:33:37.270 INFO [main] org.apache.catalina.core.AprLifecycleListener.lifecycleEvent The Apache Tomcat Native library which allows using OpenSSL was not found on the java.library.path: [/usr/java/packages/lib:/usr/lib64:/lib64:/lib:/usr/lib]
13-Jun-2022 16:33:37.356 INFO [main] org.apache.coyote.AbstractProtocol.init Initializing ProtocolHandler ["http-nio-8080"]
13-Jun-2022 16:33:37.423 INFO [main] org.apache.catalina.startup.Catalina.load Initialization processed in 1384 ms
13-Jun-2022 16:33:37.570 INFO [main] org.apache.catalina.core.StandardService.startInternal Starting service [Catalina]
13-Jun-2022 16:33:37.570 INFO [main] org.apache.catalina.core.StandardEngine.startInternal Starting Servlet engine: [Apache Tomcat/8.5.81]
13-Jun-2022 16:33:37.597 INFO [localhost-startStop-1] org.apache.catalina.startup.HostConfig.deployDirectory Deploying web application directory [/opt/apache-tomcat-8.5.81/webapps/ROOT]
13-Jun-2022 16:33:38.163 INFO [localhost-startStop-1] org.apache.catalina.startup.HostConfig.deployDirectory Deployment of web application directory [/opt/apache-tomcat-8.5.81/webapps/ROOT] has finished in [566] ms
13-Jun-2022 16:33:38.165 INFO [localhost-startStop-1] org.apache.catalina.startup.HostConfig.deployDirectory Deploying web application directory [/opt/apache-tomcat-8.5.81/webapps/docs]
13-Jun-2022 16:33:38.215 INFO [localhost-startStop-1] org.apache.catalina.startup.HostConfig.deployDirectory Deployment of web application directory [/opt/apache-tomcat-8.5.81/webapps/docs] has finished in [50] ms
13-Jun-2022 16:33:38.216 INFO [localhost-startStop-1] org.apache.catalina.startup.HostConfig.deployDirectory Deploying web application directory [/opt/apache-tomcat-8.5.81/webapps/examples]
13-Jun-2022 16:33:38.715 INFO [localhost-startStop-1] org.apache.catalina.startup.HostConfig.deployDirectory Deployment of web application directory [/opt/apache-tomcat-8.5.81/webapps/examples] has finished in [499] ms
13-Jun-2022 16:33:38.716 INFO [localhost-startStop-1] org.apache.catalina.startup.HostConfig.deployDirectory Deploying web application directory [/opt/apache-tomcat-8.5.81/webapps/host-manager]
13-Jun-2022 16:33:38.725 SEVERE [localhost-startStop-1] org.apache.tomcat.util.digester.Digester.fatalError Parse Fatal Error at line 21 column 5: The content of elements must consist of well-formed character data or markup.
	org.xml.sax.SAXParseException; systemId: file:///opt/apache-tomcat-8.5.81/webapps/host-manager/META-INF/context.xml; lineNumber: 21; columnNumber: 5; The content of elements must consist of well-formed character data or markup.
		at java.xml/com.sun.org.apache.xerces.internal.util.ErrorHandlerWrapper.createSAXParseException(ErrorHandlerWrapper.java:204)
		at java.xml/com.sun.org.apache.xerces.internal.util.ErrorHandlerWrapper.fatalError(ErrorHandlerWrapper.java:178)
		at java.xml/com.sun.org.apache.xerces.internal.impl.XMLErrorReporter.reportError(XMLErrorReporter.java:400)
		at java.xml/com.sun.org.apache.xerces.internal.impl.XMLErrorReporter.reportError(XMLErrorReporter.java:327)
		at java.xml/com.sun.org.apache.xerces.internal.impl.XMLScanner.reportFatalError(XMLScanner.java:1471)
		at java.xml/com.sun.org.apache.xerces.internal.impl.XMLDocumentFragmentScannerImpl$FragmentContentDriver.startOfMarkup(XMLDocumentFragmentScannerImpl.java:2562)
		at java.xml/com.sun.org.apache.xerces.internal.impl.XMLDocumentFragmentScannerImpl$FragmentContentDriver.next(XMLDocumentFragmentScannerImpl.java:2663)
		at java.xml/com.sun.org.apache.xerces.internal.impl.XMLDocumentScannerImpl.next(XMLDocumentScannerImpl.java:605)
		at java.xml/com.sun.org.apache.xerces.internal.impl.XMLDocumentFragmentScannerImpl.scanDocument(XMLDocumentFragmentScannerImpl.java:534)
		at java.xml/com.sun.org.apache.xerces.internal.parsers.XML11Configuration.parse(XML11Configuration.java:888)
		at java.xml/com.sun.org.apache.xerces.internal.parsers.XML11Configuration.parse(XML11Configuration.java:824)
		at java.xml/com.sun.org.apache.xerces.internal.parsers.XMLParser.parse(XMLParser.java:141)
		at java.xml/com.sun.org.apache.xerces.internal.parsers.AbstractSAXParser.parse(AbstractSAXParser.java:1216)
		at java.xml/com.sun.org.apache.xerces.internal.jaxp.SAXParserImpl$JAXPSAXParser.parse(SAXParserImpl.java:635)
		at org.apache.tomcat.util.digester.Digester.parse(Digester.java:1480)
		at org.apache.catalina.startup.HostConfig.deployDirectory(HostConfig.java:1137)
		at org.apache.catalina.startup.HostConfig$DeployDirectory.run(HostConfig.java:1925)
		at java.base/java.util.concurrent.Executors$RunnableAdapter.call(Executors.java:515)
		at java.base/java.util.concurrent.FutureTask.run(FutureTask.java:264)
		at java.base/java.util.concurrent.ThreadPoolExecutor.runWorker(ThreadPoolExecutor.java:1128)
		at java.base/java.util.concurrent.ThreadPoolExecutor$Worker.run(ThreadPoolExecutor.java:628)
		at java.base/java.lang.Thread.run(Thread.java:829)
13-Jun-2022 16:33:38.726 SEVERE [localhost-startStop-1] org.apache.catalina.startup.HostConfig.deployDirectory Error deploying deployment descriptor [/opt/apache-tomcat-8.5.81/webapps/host-manager/META-INF/context.xml]
	org.xml.sax.SAXParseException; systemId: file:///opt/apache-tomcat-8.5.81/webapps/host-manager/META-INF/context.xml; lineNumber: 21; columnNumber: 5; The content of elements must consist of well-formed character data or markup.
		at java.xml/com.sun.org.apache.xerces.internal.parsers.AbstractSAXParser.parse(AbstractSAXParser.java:1243)
		at java.xml/com.sun.org.apache.xerces.internal.jaxp.SAXParserImpl$JAXPSAXParser.parse(SAXParserImpl.java:635)
		at org.apache.tomcat.util.digester.Digester.parse(Digester.java:1480)
		at org.apache.catalina.startup.HostConfig.deployDirectory(HostConfig.java:1137)
		at org.apache.catalina.startup.HostConfig$DeployDirectory.run(HostConfig.java:1925)
		at java.base/java.util.concurrent.Executors$RunnableAdapter.call(Executors.java:515)
		at java.base/java.util.concurrent.FutureTask.run(FutureTask.java:264)
		at java.base/java.util.concurrent.ThreadPoolExecutor.runWorker(ThreadPoolExecutor.java:1128)
		at java.base/java.util.concurrent.ThreadPoolExecutor$Worker.run(ThreadPoolExecutor.java:628)
		at java.base/java.lang.Thread.run(Thread.java:829)
13-Jun-2022 16:33:38.754 WARNING [localhost-startStop-1] org.apache.catalina.startup.SetContextPropertiesRule.begin [SetContextPropertiesRule]{Context} Setting property 'antiResourceLocking' to 'false' did not find a matching property.
13-Jun-2022 16:33:38.754 SEVERE [localhost-startStop-1] org.apache.tomcat.util.digester.Digester.fatalError Parse Fatal Error at line 21 column 5: The content of elements must consist of well-formed character data or markup.
	org.xml.sax.SAXParseException; systemId: file:/opt/apache-tomcat-8.5.81/webapps/host-manager/META-INF/context.xml; lineNumber: 21; columnNumber: 5; The content of elements must consist of well-formed character data or markup.
		at java.xml/com.sun.org.apache.xerces.internal.util.ErrorHandlerWrapper.createSAXParseException(ErrorHandlerWrapper.java:204)
		at java.xml/com.sun.org.apache.xerces.internal.util.ErrorHandlerWrapper.fatalError(ErrorHandlerWrapper.java:178)
		at java.xml/com.sun.org.apache.xerces.internal.impl.XMLErrorReporter.reportError(XMLErrorReporter.java:400)
		at java.xml/com.sun.org.apache.xerces.internal.impl.XMLErrorReporter.reportError(XMLErrorReporter.java:327)
		at java.xml/com.sun.org.apache.xerces.internal.impl.XMLScanner.reportFatalError(XMLScanner.java:1471)
		at java.xml/com.sun.org.apache.xerces.internal.impl.XMLDocumentFragmentScannerImpl$FragmentContentDriver.startOfMarkup(XMLDocumentFragmentScannerImpl.java:2562)
		at java.xml/com.sun.org.apache.xerces.internal.impl.XMLDocumentFragmentScannerImpl$FragmentContentDriver.next(XMLDocumentFragmentScannerImpl.java:2663)
		at java.xml/com.sun.org.apache.xerces.internal.impl.XMLDocumentScannerImpl.next(XMLDocumentScannerImpl.java:605)
		at java.xml/com.sun.org.apache.xerces.internal.impl.XMLDocumentFragmentScannerImpl.scanDocument(XMLDocumentFragmentScannerImpl.java:534)
		at java.xml/com.sun.org.apache.xerces.internal.parsers.XML11Configuration.parse(XML11Configuration.java:888)
		at java.xml/com.sun.org.apache.xerces.internal.parsers.XML11Configuration.parse(XML11Configuration.java:824)
		at java.xml/com.sun.org.apache.xerces.internal.parsers.XMLParser.parse(XMLParser.java:141)
		at java.xml/com.sun.org.apache.xerces.internal.parsers.AbstractSAXParser.parse(AbstractSAXParser.java:1216)
		at java.xml/com.sun.org.apache.xerces.internal.jaxp.SAXParserImpl$JAXPSAXParser.parse(SAXParserImpl.java:635)
		at org.apache.tomcat.util.digester.Digester.parse(Digester.java:1496)
		at org.apache.catalina.startup.ContextConfig.processContextConfig(ContextConfig.java:530)
		at org.apache.catalina.startup.ContextConfig.contextConfig(ContextConfig.java:487)
		at org.apache.catalina.startup.ContextConfig.init(ContextConfig.java:742)
		at org.apache.catalina.startup.ContextConfig.lifecycleEvent(ContextConfig.java:310)
		at org.apache.catalina.util.LifecycleBase.fireLifecycleEvent(LifecycleBase.java:123)
		at org.apache.catalina.util.LifecycleBase.setStateInternal(LifecycleBase.java:423)
		at org.apache.catalina.util.LifecycleBase.init(LifecycleBase.java:137)
		at org.apache.catalina.util.LifecycleBase.start(LifecycleBase.java:173)
		at org.apache.catalina.core.ContainerBase.addChildInternal(ContainerBase.java:753)
		at org.apache.catalina.core.ContainerBase.addChild(ContainerBase.java:727)
		at org.apache.catalina.core.StandardHost.addChild(StandardHost.java:695)
		at org.apache.catalina.startup.HostConfig.deployDirectory(HostConfig.java:1177)
		at org.apache.catalina.startup.HostConfig$DeployDirectory.run(HostConfig.java:1925)
		at java.base/java.util.concurrent.Executors$RunnableAdapter.call(Executors.java:515)
		at java.base/java.util.concurrent.FutureTask.run(FutureTask.java:264)
		at java.base/java.util.concurrent.ThreadPoolExecutor.runWorker(ThreadPoolExecutor.java:1128)
		at java.base/java.util.concurrent.ThreadPoolExecutor$Worker.run(ThreadPoolExecutor.java:628)
		at java.base/java.lang.Thread.run(Thread.java:829)
13-Jun-2022 16:33:38.755 SEVERE [localhost-startStop-1] org.apache.catalina.startup.ContextConfig.processContextConfig Parse error in context.xml for [/host-manager]
	org.xml.sax.SAXParseException; systemId: file:/opt/apache-tomcat-8.5.81/webapps/host-manager/META-INF/context.xml; lineNumber: 21; columnNumber: 5; The content of elements must consist of well-formed character data or markup.
		at java.xml/com.sun.org.apache.xerces.internal.util.ErrorHandlerWrapper.createSAXParseException(ErrorHandlerWrapper.java:204)
		at java.xml/com.sun.org.apache.xerces.internal.util.ErrorHandlerWrapper.fatalError(ErrorHandlerWrapper.java:178)
		at java.xml/com.sun.org.apache.xerces.internal.impl.XMLErrorReporter.reportError(XMLErrorReporter.java:400)
		at java.xml/com.sun.org.apache.xerces.internal.impl.XMLErrorReporter.reportError(XMLErrorReporter.java:327)
		at java.xml/com.sun.org.apache.xerces.internal.impl.XMLScanner.reportFatalError(XMLScanner.java:1471)
		at java.xml/com.sun.org.apache.xerces.internal.impl.XMLDocumentFragmentScannerImpl$FragmentContentDriver.startOfMarkup(XMLDocumentFragmentScannerImpl.java:2562)
		at java.xml/com.sun.org.apache.xerces.internal.impl.XMLDocumentFragmentScannerImpl$FragmentContentDriver.next(XMLDocumentFragmentScannerImpl.java:2663)
		at java.xml/com.sun.org.apache.xerces.internal.impl.XMLDocumentScannerImpl.next(XMLDocumentScannerImpl.java:605)
		at java.xml/com.sun.org.apache.xerces.internal.impl.XMLDocumentFragmentScannerImpl.scanDocument(XMLDocumentFragmentScannerImpl.java:534)
		at java.xml/com.sun.org.apache.xerces.internal.parsers.XML11Configuration.parse(XML11Configuration.java:888)
		at java.xml/com.sun.org.apache.xerces.internal.parsers.XML11Configuration.parse(XML11Configuration.java:824)
		at java.xml/com.sun.org.apache.xerces.internal.parsers.XMLParser.parse(XMLParser.java:141)
		at java.xml/com.sun.org.apache.xerces.internal.parsers.AbstractSAXParser.parse(AbstractSAXParser.java:1216)
		at java.xml/com.sun.org.apache.xerces.internal.jaxp.SAXParserImpl$JAXPSAXParser.parse(SAXParserImpl.java:635)
		at org.apache.tomcat.util.digester.Digester.parse(Digester.java:1496)
		at org.apache.catalina.startup.ContextConfig.processContextConfig(ContextConfig.java:530)
		at org.apache.catalina.startup.ContextConfig.contextConfig(ContextConfig.java:487)
		at org.apache.catalina.startup.ContextConfig.init(ContextConfig.java:742)
		at org.apache.catalina.startup.ContextConfig.lifecycleEvent(ContextConfig.java:310)
		at org.apache.catalina.util.LifecycleBase.fireLifecycleEvent(LifecycleBase.java:123)
		at org.apache.catalina.util.LifecycleBase.setStateInternal(LifecycleBase.java:423)
		at org.apache.catalina.util.LifecycleBase.init(LifecycleBase.java:137)
		at org.apache.catalina.util.LifecycleBase.start(LifecycleBase.java:173)
		at org.apache.catalina.core.ContainerBase.addChildInternal(ContainerBase.java:753)
		at org.apache.catalina.core.ContainerBase.addChild(ContainerBase.java:727)
		at org.apache.catalina.core.StandardHost.addChild(StandardHost.java:695)
		at org.apache.catalina.startup.HostConfig.deployDirectory(HostConfig.java:1177)
		at org.apache.catalina.startup.HostConfig$DeployDirectory.run(HostConfig.java:1925)
		at java.base/java.util.concurrent.Executors$RunnableAdapter.call(Executors.java:515)
		at java.base/java.util.concurrent.FutureTask.run(FutureTask.java:264)
		at java.base/java.util.concurrent.ThreadPoolExecutor.runWorker(ThreadPoolExecutor.java:1128)
		at java.base/java.util.concurrent.ThreadPoolExecutor$Worker.run(ThreadPoolExecutor.java:628)
		at java.base/java.lang.Thread.run(Thread.java:829)
13-Jun-2022 16:33:38.757 SEVERE [localhost-startStop-1] org.apache.catalina.startup.ContextConfig.processContextConfig Occurred at line [21] column [5]
13-Jun-2022 16:33:38.760 SEVERE [localhost-startStop-1] org.apache.catalina.core.ContainerBase.addChildInternal ContainerBase.addChild: start: 
	org.apache.catalina.LifecycleException: Failed to process either the global, per-host or context-specific context.xml file therefore the [/host-manager] Context cannot be started.
		at org.apache.catalina.startup.FailedContext.startInternal(FailedContext.java:200)
		at org.apache.catalina.util.LifecycleBase.start(LifecycleBase.java:183)
		at org.apache.catalina.core.ContainerBase.addChildInternal(ContainerBase.java:753)
		at org.apache.catalina.core.ContainerBase.addChild(ContainerBase.java:727)
		at org.apache.catalina.core.StandardHost.addChild(StandardHost.java:695)
		at org.apache.catalina.startup.HostConfig.deployDirectory(HostConfig.java:1177)
		at org.apache.catalina.startup.HostConfig$DeployDirectory.run(HostConfig.java:1925)
		at java.base/java.util.concurrent.Executors$RunnableAdapter.call(Executors.java:515)
		at java.base/java.util.concurrent.FutureTask.run(FutureTask.java:264)
		at java.base/java.util.concurrent.ThreadPoolExecutor.runWorker(ThreadPoolExecutor.java:1128)
		at java.base/java.util.concurrent.ThreadPoolExecutor$Worker.run(ThreadPoolExecutor.java:628)
		at java.base/java.lang.Thread.run(Thread.java:829)
13-Jun-2022 16:33:38.762 SEVERE [localhost-startStop-1] org.apache.catalina.startup.HostConfig.deployDirectory Error deploying web application directory [/opt/apache-tomcat-8.5.81/webapps/host-manager]
	java.lang.IllegalStateException: Error starting child
		at org.apache.catalina.core.ContainerBase.addChildInternal(ContainerBase.java:757)
		at org.apache.catalina.core.ContainerBase.addChild(ContainerBase.java:727)
		at org.apache.catalina.core.StandardHost.addChild(StandardHost.java:695)
		at org.apache.catalina.startup.HostConfig.deployDirectory(HostConfig.java:1177)
		at org.apache.catalina.startup.HostConfig$DeployDirectory.run(HostConfig.java:1925)
		at java.base/java.util.concurrent.Executors$RunnableAdapter.call(Executors.java:515)
		at java.base/java.util.concurrent.FutureTask.run(FutureTask.java:264)
		at java.base/java.util.concurrent.ThreadPoolExecutor.runWorker(ThreadPoolExecutor.java:1128)
		at java.base/java.util.concurrent.ThreadPoolExecutor$Worker.run(ThreadPoolExecutor.java:628)
		at java.base/java.lang.Thread.run(Thread.java:829)
	Caused by: org.apache.catalina.LifecycleException: Failed to process either the global, per-host or context-specific context.xml file therefore the [/host-manager] Context cannot be started.
		at org.apache.catalina.startup.FailedContext.startInternal(FailedContext.java:200)
		at org.apache.catalina.util.LifecycleBase.start(LifecycleBase.java:183)
		at org.apache.catalina.core.ContainerBase.addChildInternal(ContainerBase.java:753)
		... 9 more
13-Jun-2022 16:33:38.762 INFO [localhost-startStop-1] org.apache.catalina.startup.HostConfig.deployDirectory Deployment of web application directory [/opt/apache-tomcat-8.5.81/webapps/host-manager] has finished in [46] ms
13-Jun-2022 16:33:38.763 INFO [localhost-startStop-1] org.apache.catalina.startup.HostConfig.deployDirectory Deploying web application directory [/opt/apache-tomcat-8.5.81/webapps/manager]
13-Jun-2022 16:33:38.764 SEVERE [localhost-startStop-1] org.apache.tomcat.util.digester.Digester.fatalError Parse Fatal Error at line 21 column 5: The content of elements must consist of well-formed character data or markup.
	org.xml.sax.SAXParseException; systemId: file:///opt/apache-tomcat-8.5.81/webapps/manager/META-INF/context.xml; lineNumber: 21; columnNumber: 5; The content of elements must consist of well-formed character data or markup.
		at java.xml/com.sun.org.apache.xerces.internal.util.ErrorHandlerWrapper.createSAXParseException(ErrorHandlerWrapper.java:204)
		at java.xml/com.sun.org.apache.xerces.internal.util.ErrorHandlerWrapper.fatalError(ErrorHandlerWrapper.java:178)
		at java.xml/com.sun.org.apache.xerces.internal.impl.XMLErrorReporter.reportError(XMLErrorReporter.java:400)
		at java.xml/com.sun.org.apache.xerces.internal.impl.XMLErrorReporter.reportError(XMLErrorReporter.java:327)
		at java.xml/com.sun.org.apache.xerces.internal.impl.XMLScanner.reportFatalError(XMLScanner.java:1471)
		at java.xml/com.sun.org.apache.xerces.internal.impl.XMLDocumentFragmentScannerImpl$FragmentContentDriver.startOfMarkup(XMLDocumentFragmentScannerImpl.java:2562)
		at java.xml/com.sun.org.apache.xerces.internal.impl.XMLDocumentFragmentScannerImpl$FragmentContentDriver.next(XMLDocumentFragmentScannerImpl.java:2663)
		at java.xml/com.sun.org.apache.xerces.internal.impl.XMLDocumentScannerImpl.next(XMLDocumentScannerImpl.java:605)
		at java.xml/com.sun.org.apache.xerces.internal.impl.XMLDocumentFragmentScannerImpl.scanDocument(XMLDocumentFragmentScannerImpl.java:534)
		at java.xml/com.sun.org.apache.xerces.internal.parsers.XML11Configuration.parse(XML11Configuration.java:888)
		at java.xml/com.sun.org.apache.xerces.internal.parsers.XML11Configuration.parse(XML11Configuration.java:824)
		at java.xml/com.sun.org.apache.xerces.internal.parsers.XMLParser.parse(XMLParser.java:141)
		at java.xml/com.sun.org.apache.xerces.internal.parsers.AbstractSAXParser.parse(AbstractSAXParser.java:1216)
		at java.xml/com.sun.org.apache.xerces.internal.jaxp.SAXParserImpl$JAXPSAXParser.parse(SAXParserImpl.java:635)
		at org.apache.tomcat.util.digester.Digester.parse(Digester.java:1480)
		at org.apache.catalina.startup.HostConfig.deployDirectory(HostConfig.java:1137)
		at org.apache.catalina.startup.HostConfig$DeployDirectory.run(HostConfig.java:1925)
		at java.base/java.util.concurrent.Executors$RunnableAdapter.call(Executors.java:515)
		at java.base/java.util.concurrent.FutureTask.run(FutureTask.java:264)
		at java.base/java.util.concurrent.ThreadPoolExecutor.runWorker(ThreadPoolExecutor.java:1128)
		at java.base/java.util.concurrent.ThreadPoolExecutor$Worker.run(ThreadPoolExecutor.java:628)
		at java.base/java.lang.Thread.run(Thread.java:829)
13-Jun-2022 16:33:38.768 SEVERE [localhost-startStop-1] org.apache.catalina.startup.HostConfig.deployDirectory Error deploying deployment descriptor [/opt/apache-tomcat-8.5.81/webapps/manager/META-INF/context.xml]
	org.xml.sax.SAXParseException; systemId: file:///opt/apache-tomcat-8.5.81/webapps/manager/META-INF/context.xml; lineNumber: 21; columnNumber: 5; The content of elements must consist of well-formed character data or markup.
		at java.xml/com.sun.org.apache.xerces.internal.parsers.AbstractSAXParser.parse(AbstractSAXParser.java:1243)
		at java.xml/com.sun.org.apache.xerces.internal.jaxp.SAXParserImpl$JAXPSAXParser.parse(SAXParserImpl.java:635)
		at org.apache.tomcat.util.digester.Digester.parse(Digester.java:1480)
		at org.apache.catalina.startup.HostConfig.deployDirectory(HostConfig.java:1137)
		at org.apache.catalina.startup.HostConfig$DeployDirectory.run(HostConfig.java:1925)
		at java.base/java.util.concurrent.Executors$RunnableAdapter.call(Executors.java:515)
		at java.base/java.util.concurrent.FutureTask.run(FutureTask.java:264)
		at java.base/java.util.concurrent.ThreadPoolExecutor.runWorker(ThreadPoolExecutor.java:1128)
		at java.base/java.util.concurrent.ThreadPoolExecutor$Worker.run(ThreadPoolExecutor.java:628)
		at java.base/java.lang.Thread.run(Thread.java:829)
13-Jun-2022 16:33:38.774 WARNING [localhost-startStop-1] org.apache.catalina.startup.SetContextPropertiesRule.begin [SetContextPropertiesRule]{Context} Setting property 'antiResourceLocking' to 'false' did not find a matching property.
13-Jun-2022 16:33:38.774 SEVERE [localhost-startStop-1] org.apache.tomcat.util.digester.Digester.fatalError Parse Fatal Error at line 21 column 5: The content of elements must consist of well-formed character data or markup.
	org.xml.sax.SAXParseException; systemId: file:/opt/apache-tomcat-8.5.81/webapps/manager/META-INF/context.xml; lineNumber: 21; columnNumber: 5; The content of elements must consist of well-formed character data or markup.
		at java.xml/com.sun.org.apache.xerces.internal.util.ErrorHandlerWrapper.createSAXParseException(ErrorHandlerWrapper.java:204)
		at java.xml/com.sun.org.apache.xerces.internal.util.ErrorHandlerWrapper.fatalError(ErrorHandlerWrapper.java:178)
		at java.xml/com.sun.org.apache.xerces.internal.impl.XMLErrorReporter.reportError(XMLErrorReporter.java:400)
		at java.xml/com.sun.org.apache.xerces.internal.impl.XMLErrorReporter.reportError(XMLErrorReporter.java:327)
		at java.xml/com.sun.org.apache.xerces.internal.impl.XMLScanner.reportFatalError(XMLScanner.java:1471)
		at java.xml/com.sun.org.apache.xerces.internal.impl.XMLDocumentFragmentScannerImpl$FragmentContentDriver.startOfMarkup(XMLDocumentFragmentScannerImpl.java:2562)
		at java.xml/com.sun.org.apache.xerces.internal.impl.XMLDocumentFragmentScannerImpl$FragmentContentDriver.next(XMLDocumentFragmentScannerImpl.java:2663)
		at java.xml/com.sun.org.apache.xerces.internal.impl.XMLDocumentScannerImpl.next(XMLDocumentScannerImpl.java:605)
		at java.xml/com.sun.org.apache.xerces.internal.impl.XMLDocumentFragmentScannerImpl.scanDocument(XMLDocumentFragmentScannerImpl.java:534)
		at java.xml/com.sun.org.apache.xerces.internal.parsers.XML11Configuration.parse(XML11Configuration.java:888)
		at java.xml/com.sun.org.apache.xerces.internal.parsers.XML11Configuration.parse(XML11Configuration.java:824)
		at java.xml/com.sun.org.apache.xerces.internal.parsers.XMLParser.parse(XMLParser.java:141)
		at java.xml/com.sun.org.apache.xerces.internal.parsers.AbstractSAXParser.parse(AbstractSAXParser.java:1216)
		at java.xml/com.sun.org.apache.xerces.internal.jaxp.SAXParserImpl$JAXPSAXParser.parse(SAXParserImpl.java:635)
		at org.apache.tomcat.util.digester.Digester.parse(Digester.java:1496)
		at org.apache.catalina.startup.ContextConfig.processContextConfig(ContextConfig.java:530)
		at org.apache.catalina.startup.ContextConfig.contextConfig(ContextConfig.java:487)
		at org.apache.catalina.startup.ContextConfig.init(ContextConfig.java:742)
		at org.apache.catalina.startup.ContextConfig.lifecycleEvent(ContextConfig.java:310)
		at org.apache.catalina.util.LifecycleBase.fireLifecycleEvent(LifecycleBase.java:123)
		at org.apache.catalina.util.LifecycleBase.setStateInternal(LifecycleBase.java:423)
		at org.apache.catalina.util.LifecycleBase.init(LifecycleBase.java:137)
		at org.apache.catalina.util.LifecycleBase.start(LifecycleBase.java:173)
		at org.apache.catalina.core.ContainerBase.addChildInternal(ContainerBase.java:753)
		at org.apache.catalina.core.ContainerBase.addChild(ContainerBase.java:727)
		at org.apache.catalina.core.StandardHost.addChild(StandardHost.java:695)
		at org.apache.catalina.startup.HostConfig.deployDirectory(HostConfig.java:1177)
		at org.apache.catalina.startup.HostConfig$DeployDirectory.run(HostConfig.java:1925)
		at java.base/java.util.concurrent.Executors$RunnableAdapter.call(Executors.java:515)
		at java.base/java.util.concurrent.FutureTask.run(FutureTask.java:264)
		at java.base/java.util.concurrent.ThreadPoolExecutor.runWorker(ThreadPoolExecutor.java:1128)
		at java.base/java.util.concurrent.ThreadPoolExecutor$Worker.run(ThreadPoolExecutor.java:628)
		at java.base/java.lang.Thread.run(Thread.java:829)
13-Jun-2022 16:33:38.775 SEVERE [localhost-startStop-1] org.apache.catalina.startup.ContextConfig.processContextConfig Parse error in context.xml for [/manager]
	org.xml.sax.SAXParseException; systemId: file:/opt/apache-tomcat-8.5.81/webapps/manager/META-INF/context.xml; lineNumber: 21; columnNumber: 5; The content of elements must consist of well-formed character data or markup.
		at java.xml/com.sun.org.apache.xerces.internal.util.ErrorHandlerWrapper.createSAXParseException(ErrorHandlerWrapper.java:204)
		at java.xml/com.sun.org.apache.xerces.internal.util.ErrorHandlerWrapper.fatalError(ErrorHandlerWrapper.java:178)
		at java.xml/com.sun.org.apache.xerces.internal.impl.XMLErrorReporter.reportError(XMLErrorReporter.java:400)
		at java.xml/com.sun.org.apache.xerces.internal.impl.XMLErrorReporter.reportError(XMLErrorReporter.java:327)
		at java.xml/com.sun.org.apache.xerces.internal.impl.XMLScanner.reportFatalError(XMLScanner.java:1471)
		at java.xml/com.sun.org.apache.xerces.internal.impl.XMLDocumentFragmentScannerImpl$FragmentContentDriver.startOfMarkup(XMLDocumentFragmentScannerImpl.java:2562)
		at java.xml/com.sun.org.apache.xerces.internal.impl.XMLDocumentFragmentScannerImpl$FragmentContentDriver.next(XMLDocumentFragmentScannerImpl.java:2663)
		at java.xml/com.sun.org.apache.xerces.internal.impl.XMLDocumentScannerImpl.next(XMLDocumentScannerImpl.java:605)
		at java.xml/com.sun.org.apache.xerces.internal.impl.XMLDocumentFragmentScannerImpl.scanDocument(XMLDocumentFragmentScannerImpl.java:534)
		at java.xml/com.sun.org.apache.xerces.internal.parsers.XML11Configuration.parse(XML11Configuration.java:888)
		at java.xml/com.sun.org.apache.xerces.internal.parsers.XML11Configuration.parse(XML11Configuration.java:824)
		at java.xml/com.sun.org.apache.xerces.internal.parsers.XMLParser.parse(XMLParser.java:141)
		at java.xml/com.sun.org.apache.xerces.internal.parsers.AbstractSAXParser.parse(AbstractSAXParser.java:1216)
		at java.xml/com.sun.org.apache.xerces.internal.jaxp.SAXParserImpl$JAXPSAXParser.parse(SAXParserImpl.java:635)
		at org.apache.tomcat.util.digester.Digester.parse(Digester.java:1496)
		at org.apache.catalina.startup.ContextConfig.processContextConfig(ContextConfig.java:530)
		at org.apache.catalina.startup.ContextConfig.contextConfig(ContextConfig.java:487)
		at org.apache.catalina.startup.ContextConfig.init(ContextConfig.java:742)
		at org.apache.catalina.startup.ContextConfig.lifecycleEvent(ContextConfig.java:310)
		at org.apache.catalina.util.LifecycleBase.fireLifecycleEvent(LifecycleBase.java:123)
		at org.apache.catalina.util.LifecycleBase.setStateInternal(LifecycleBase.java:423)
		at org.apache.catalina.util.LifecycleBase.init(LifecycleBase.java:137)
		at org.apache.catalina.util.LifecycleBase.start(LifecycleBase.java:173)
		at org.apache.catalina.core.ContainerBase.addChildInternal(ContainerBase.java:753)
		at org.apache.catalina.core.ContainerBase.addChild(ContainerBase.java:727)
		at org.apache.catalina.core.StandardHost.addChild(StandardHost.java:695)
		at org.apache.catalina.startup.HostConfig.deployDirectory(HostConfig.java:1177)
		at org.apache.catalina.startup.HostConfig$DeployDirectory.run(HostConfig.java:1925)
		at java.base/java.util.concurrent.Executors$RunnableAdapter.call(Executors.java:515)
		at java.base/java.util.concurrent.FutureTask.run(FutureTask.java:264)
		at java.base/java.util.concurrent.ThreadPoolExecutor.runWorker(ThreadPoolExecutor.java:1128)
		at java.base/java.util.concurrent.ThreadPoolExecutor$Worker.run(ThreadPoolExecutor.java:628)
		at java.base/java.lang.Thread.run(Thread.java:829)
13-Jun-2022 16:33:38.776 SEVERE [localhost-startStop-1] org.apache.catalina.startup.ContextConfig.processContextConfig Occurred at line [21] column [5]
13-Jun-2022 16:33:38.776 SEVERE [localhost-startStop-1] org.apache.catalina.core.ContainerBase.addChildInternal ContainerBase.addChild: start: 
	org.apache.catalina.LifecycleException: Failed to process either the global, per-host or context-specific context.xml file therefore the [/manager] Context cannot be started.
		at org.apache.catalina.startup.FailedContext.startInternal(FailedContext.java:200)
		at org.apache.catalina.util.LifecycleBase.start(LifecycleBase.java:183)
		at org.apache.catalina.core.ContainerBase.addChildInternal(ContainerBase.java:753)
		at org.apache.catalina.core.ContainerBase.addChild(ContainerBase.java:727)
		at org.apache.catalina.core.StandardHost.addChild(StandardHost.java:695)
		at org.apache.catalina.startup.HostConfig.deployDirectory(HostConfig.java:1177)
		at org.apache.catalina.startup.HostConfig$DeployDirectory.run(HostConfig.java:1925)
		at java.base/java.util.concurrent.Executors$RunnableAdapter.call(Executors.java:515)
		at java.base/java.util.concurrent.FutureTask.run(FutureTask.java:264)
		at java.base/java.util.concurrent.ThreadPoolExecutor.runWorker(ThreadPoolExecutor.java:1128)
		at java.base/java.util.concurrent.ThreadPoolExecutor$Worker.run(ThreadPoolExecutor.java:628)
		at java.base/java.lang.Thread.run(Thread.java:829)
13-Jun-2022 16:33:38.777 SEVERE [localhost-startStop-1] org.apache.catalina.startup.HostConfig.deployDirectory Error deploying web application directory [/opt/apache-tomcat-8.5.81/webapps/manager]
	java.lang.IllegalStateException: Error starting child
		at org.apache.catalina.core.ContainerBase.addChildInternal(ContainerBase.java:757)
		at org.apache.catalina.core.ContainerBase.addChild(ContainerBase.java:727)
		at org.apache.catalina.core.StandardHost.addChild(StandardHost.java:695)
		at org.apache.catalina.startup.HostConfig.deployDirectory(HostConfig.java:1177)
		at org.apache.catalina.startup.HostConfig$DeployDirectory.run(HostConfig.java:1925)
		at java.base/java.util.concurrent.Executors$RunnableAdapter.call(Executors.java:515)
		at java.base/java.util.concurrent.FutureTask.run(FutureTask.java:264)
		at java.base/java.util.concurrent.ThreadPoolExecutor.runWorker(ThreadPoolExecutor.java:1128)
		at java.base/java.util.concurrent.ThreadPoolExecutor$Worker.run(ThreadPoolExecutor.java:628)
		at java.base/java.lang.Thread.run(Thread.java:829)
	Caused by: org.apache.catalina.LifecycleException: Failed to process either the global, per-host or context-specific context.xml file therefore the [/manager] Context cannot be started.
		at org.apache.catalina.startup.FailedContext.startInternal(FailedContext.java:200)
		at org.apache.catalina.util.LifecycleBase.start(LifecycleBase.java:183)
		at org.apache.catalina.core.ContainerBase.addChildInternal(ContainerBase.java:753)
		... 9 more
13-Jun-2022 16:33:38.778 INFO [localhost-startStop-1] org.apache.catalina.startup.HostConfig.deployDirectory Deployment of web application directory [/opt/apache-tomcat-8.5.81/webapps/manager] has finished in [15] ms
13-Jun-2022 16:33:38.783 INFO [main] org.apache.coyote.AbstractProtocol.start Starting ProtocolHandler ["http-nio-8080"]
13-Jun-2022 16:33:38.824 INFO [main] org.apache.catalina.startup.Catalina.start Server startup in 1401 ms
13-Jun-2022 16:37:48.823 INFO [ContainerBackgroundProcessor[StandardEngine[Catalina]]] org.apache.catalina.startup.HostConfig.undeploy Undeploying context [/manager]
13-Jun-2022 16:37:48.827 INFO [localhost-startStop-2] org.apache.catalina.startup.HostConfig.deployDirectory Deploying web application directory [/opt/apache-tomcat-8.5.81/webapps/manager]
13-Jun-2022 16:37:48.893 INFO [localhost-startStop-2] org.apache.catalina.startup.HostConfig.deployDirectory Deployment of web application directory [/opt/apache-tomcat-8.5.81/webapps/manager] has finished in [66] ms
13-Jun-2022 16:38:17.227 INFO [main] org.apache.catalina.core.StandardServer.await A valid shutdown command was received via the shutdown port. Stopping the Server instance.
13-Jun-2022 16:38:17.227 INFO [main] org.apache.coyote.AbstractProtocol.pause Pausing ProtocolHandler ["http-nio-8080"]
13-Jun-2022 16:38:17.236 INFO [main] org.apache.catalina.core.StandardService.stopInternal Stopping service [Catalina]
13-Jun-2022 16:38:17.298 INFO [main] org.apache.coyote.AbstractProtocol.stop Stopping ProtocolHandler ["http-nio-8080"]
13-Jun-2022 16:38:17.308 INFO [main] org.apache.coyote.AbstractProtocol.destroy Destroying ProtocolHandler ["http-nio-8080"]
13-Jun-2022 16:38:24.568 INFO [main] org.apache.catalina.startup.VersionLoggerListener.log Server version name:   Apache Tomcat/8.5.81
13-Jun-2022 16:38:24.578 INFO [main] org.apache.catalina.startup.VersionLoggerListener.log Server built:          Jun 8 2022 21:30:15 UTC
13-Jun-2022 16:38:24.578 INFO [main] org.apache.catalina.startup.VersionLoggerListener.log Server version number: 8.5.81.0
13-Jun-2022 16:38:24.578 INFO [main] org.apache.catalina.startup.VersionLoggerListener.log OS Name:               Linux
13-Jun-2022 16:38:24.578 INFO [main] org.apache.catalina.startup.VersionLoggerListener.log OS Version:            5.10.109-104.500.amzn2.x86_64
13-Jun-2022 16:38:24.578 INFO [main] org.apache.catalina.startup.VersionLoggerListener.log Architecture:          amd64
13-Jun-2022 16:38:24.579 INFO [main] org.apache.catalina.startup.VersionLoggerListener.log Java Home:             /usr/lib/jvm/java-11-openjdk-11.0.13.0.8-1.amzn2.0.3.x86_64
13-Jun-2022 16:38:24.579 INFO [main] org.apache.catalina.startup.VersionLoggerListener.log JVM Version:           11.0.13+8-LTS
13-Jun-2022 16:38:24.579 INFO [main] org.apache.catalina.startup.VersionLoggerListener.log JVM Vendor:            Red Hat, Inc.
13-Jun-2022 16:38:24.579 INFO [main] org.apache.catalina.startup.VersionLoggerListener.log CATALINA_BASE:         /opt/apache-tomcat-8.5.81
13-Jun-2022 16:38:24.579 INFO [main] org.apache.catalina.startup.VersionLoggerListener.log CATALINA_HOME:         /opt/apache-tomcat-8.5.81
13-Jun-2022 16:38:24.579 INFO [main] org.apache.catalina.startup.VersionLoggerListener.log Command line argument: --add-opens=java.base/java.lang=ALL-UNNAMED
13-Jun-2022 16:38:24.579 INFO [main] org.apache.catalina.startup.VersionLoggerListener.log Command line argument: --add-opens=java.base/java.io=ALL-UNNAMED
13-Jun-2022 16:38:24.580 INFO [main] org.apache.catalina.startup.VersionLoggerListener.log Command line argument: --add-opens=java.base/java.util=ALL-UNNAMED
13-Jun-2022 16:38:24.580 INFO [main] org.apache.catalina.startup.VersionLoggerListener.log Command line argument: --add-opens=java.base/java.util.concurrent=ALL-UNNAMED
13-Jun-2022 16:38:24.580 INFO [main] org.apache.catalina.startup.VersionLoggerListener.log Command line argument: --add-opens=java.rmi/sun.rmi.transport=ALL-UNNAMED
13-Jun-2022 16:38:24.580 INFO [main] org.apache.catalina.startup.VersionLoggerListener.log Command line argument: -Djava.util.logging.config.file=/opt/apache-tomcat-8.5.81/conf/logging.properties
13-Jun-2022 16:38:24.580 INFO [main] org.apache.catalina.startup.VersionLoggerListener.log Command line argument: -Djava.util.logging.manager=org.apache.juli.ClassLoaderLogManager
13-Jun-2022 16:38:24.580 INFO [main] org.apache.catalina.startup.VersionLoggerListener.log Command line argument: -Djdk.tls.ephemeralDHKeySize=2048
13-Jun-2022 16:38:24.580 INFO [main] org.apache.catalina.startup.VersionLoggerListener.log Command line argument: -Djava.protocol.handler.pkgs=org.apache.catalina.webresources
13-Jun-2022 16:38:24.580 INFO [main] org.apache.catalina.startup.VersionLoggerListener.log Command line argument: -Dorg.apache.catalina.security.SecurityListener.UMASK=0027
13-Jun-2022 16:38:24.580 INFO [main] org.apache.catalina.startup.VersionLoggerListener.log Command line argument: -Dignore.endorsed.dirs=
13-Jun-2022 16:38:24.585 INFO [main] org.apache.catalina.startup.VersionLoggerListener.log Command line argument: -Dcatalina.base=/opt/apache-tomcat-8.5.81
13-Jun-2022 16:38:24.585 INFO [main] org.apache.catalina.startup.VersionLoggerListener.log Command line argument: -Dcatalina.home=/opt/apache-tomcat-8.5.81
13-Jun-2022 16:38:24.586 INFO [main] org.apache.catalina.startup.VersionLoggerListener.log Command line argument: -Djava.io.tmpdir=/opt/apache-tomcat-8.5.81/temp
13-Jun-2022 16:38:24.586 INFO [main] org.apache.catalina.core.AprLifecycleListener.lifecycleEvent The Apache Tomcat Native library which allows using OpenSSL was not found on the java.library.path: [/usr/java/packages/lib:/usr/lib64:/lib64:/lib:/usr/lib]
13-Jun-2022 16:38:24.675 INFO [main] org.apache.coyote.AbstractProtocol.init Initializing ProtocolHandler ["http-nio-8080"]
13-Jun-2022 16:38:24.735 INFO [main] org.apache.catalina.startup.Catalina.load Initialization processed in 1382 ms
13-Jun-2022 16:38:24.880 INFO [main] org.apache.catalina.core.StandardService.startInternal Starting service [Catalina]
13-Jun-2022 16:38:24.884 INFO [main] org.apache.catalina.core.StandardEngine.startInternal Starting Servlet engine: [Apache Tomcat/8.5.81]
13-Jun-2022 16:38:24.909 INFO [localhost-startStop-1] org.apache.catalina.startup.HostConfig.deployDirectory Deploying web application directory [/opt/apache-tomcat-8.5.81/webapps/ROOT]
13-Jun-2022 16:38:25.484 INFO [localhost-startStop-1] org.apache.catalina.startup.HostConfig.deployDirectory Deployment of web application directory [/opt/apache-tomcat-8.5.81/webapps/ROOT] has finished in [574] ms
13-Jun-2022 16:38:25.484 INFO [localhost-startStop-1] org.apache.catalina.startup.HostConfig.deployDirectory Deploying web application directory [/opt/apache-tomcat-8.5.81/webapps/docs]
13-Jun-2022 16:38:25.534 INFO [localhost-startStop-1] org.apache.catalina.startup.HostConfig.deployDirectory Deployment of web application directory [/opt/apache-tomcat-8.5.81/webapps/docs] has finished in [50] ms
13-Jun-2022 16:38:25.535 INFO [localhost-startStop-1] org.apache.catalina.startup.HostConfig.deployDirectory Deploying web application directory [/opt/apache-tomcat-8.5.81/webapps/examples]
13-Jun-2022 16:38:26.032 INFO [localhost-startStop-1] org.apache.catalina.startup.HostConfig.deployDirectory Deployment of web application directory [/opt/apache-tomcat-8.5.81/webapps/examples] has finished in [497] ms
13-Jun-2022 16:38:26.034 INFO [localhost-startStop-1] org.apache.catalina.startup.HostConfig.deployDirectory Deploying web application directory [/opt/apache-tomcat-8.5.81/webapps/host-manager]
13-Jun-2022 16:38:26.092 INFO [localhost-startStop-1] org.apache.catalina.startup.HostConfig.deployDirectory Deployment of web application directory [/opt/apache-tomcat-8.5.81/webapps/host-manager] has finished in [57] ms
13-Jun-2022 16:38:26.092 INFO [localhost-startStop-1] org.apache.catalina.startup.HostConfig.deployDirectory Deploying web application directory [/opt/apache-tomcat-8.5.81/webapps/manager]
13-Jun-2022 16:38:26.138 INFO [localhost-startStop-1] org.apache.catalina.startup.HostConfig.deployDirectory Deployment of web application directory [/opt/apache-tomcat-8.5.81/webapps/manager] has finished in [46] ms
13-Jun-2022 16:38:26.143 INFO [main] org.apache.coyote.AbstractProtocol.start Starting ProtocolHandler ["http-nio-8080"]
13-Jun-2022 16:38:26.177 INFO [main] org.apache.catalina.startup.Catalina.start Server startup in 1436 ms
13-Jun-2022 16:40:06.167 INFO [ContainerBackgroundProcessor[StandardEngine[Catalina]]] org.apache.catalina.startup.HostConfig.undeploy Undeploying context [/host-manager]
13-Jun-2022 16:40:06.193 INFO [localhost-startStop-2] org.apache.catalina.startup.HostConfig.deployDirectory Deploying web application directory [/opt/apache-tomcat-8.5.81/webapps/host-manager]
13-Jun-2022 16:40:06.243 INFO [localhost-startStop-2] org.apache.catalina.startup.HostConfig.deployDirectory Deployment of web application directory [/opt/apache-tomcat-8.5.81/webapps/host-manager] has finished in [50] ms
13-Jun-2022 16:52:26.326 INFO [ContainerBackgroundProcessor[StandardEngine[Catalina]]] org.apache.catalina.users.MemoryUserDatabase.backgroundProcess Reloading memory user database [UserDatabase] from updated source [file:/opt/apache-tomcat-8.5.81/conf/tomcat-users.xml]
13-Jun-2022 16:52:56.484 INFO [main] org.apache.catalina.core.StandardServer.await A valid shutdown command was received via the shutdown port. Stopping the Server instance.
13-Jun-2022 16:52:56.484 INFO [main] org.apache.coyote.AbstractProtocol.pause Pausing ProtocolHandler ["http-nio-8080"]
13-Jun-2022 16:52:56.488 INFO [main] org.apache.catalina.core.StandardService.stopInternal Stopping service [Catalina]
13-Jun-2022 16:52:56.555 INFO [main] org.apache.coyote.AbstractProtocol.stop Stopping ProtocolHandler ["http-nio-8080"]
13-Jun-2022 16:52:56.563 INFO [main] org.apache.coyote.AbstractProtocol.destroy Destroying ProtocolHandler ["http-nio-8080"]
13-Jun-2022 16:53:03.633 INFO [main] org.apache.catalina.startup.VersionLoggerListener.log Server version name:   Apache Tomcat/8.5.81
13-Jun-2022 16:53:03.643 INFO [main] org.apache.catalina.startup.VersionLoggerListener.log Server built:          Jun 8 2022 21:30:15 UTC
13-Jun-2022 16:53:03.643 INFO [main] org.apache.catalina.startup.VersionLoggerListener.log Server version number: 8.5.81.0
13-Jun-2022 16:53:03.643 INFO [main] org.apache.catalina.startup.VersionLoggerListener.log OS Name:               Linux
13-Jun-2022 16:53:03.643 INFO [main] org.apache.catalina.startup.VersionLoggerListener.log OS Version:            5.10.109-104.500.amzn2.x86_64
13-Jun-2022 16:53:03.643 INFO [main] org.apache.catalina.startup.VersionLoggerListener.log Architecture:          amd64
13-Jun-2022 16:53:03.643 INFO [main] org.apache.catalina.startup.VersionLoggerListener.log Java Home:             /usr/lib/jvm/java-11-openjdk-11.0.13.0.8-1.amzn2.0.3.x86_64
13-Jun-2022 16:53:03.643 INFO [main] org.apache.catalina.startup.VersionLoggerListener.log JVM Version:           11.0.13+8-LTS
13-Jun-2022 16:53:03.643 INFO [main] org.apache.catalina.startup.VersionLoggerListener.log JVM Vendor:            Red Hat, Inc.
13-Jun-2022 16:53:03.644 INFO [main] org.apache.catalina.startup.VersionLoggerListener.log CATALINA_BASE:         /opt/apache-tomcat-8.5.81
13-Jun-2022 16:53:03.644 INFO [main] org.apache.catalina.startup.VersionLoggerListener.log CATALINA_HOME:         /opt/apache-tomcat-8.5.81
13-Jun-2022 16:53:03.644 INFO [main] org.apache.catalina.startup.VersionLoggerListener.log Command line argument: --add-opens=java.base/java.lang=ALL-UNNAMED
13-Jun-2022 16:53:03.644 INFO [main] org.apache.catalina.startup.VersionLoggerListener.log Command line argument: --add-opens=java.base/java.io=ALL-UNNAMED
13-Jun-2022 16:53:03.644 INFO [main] org.apache.catalina.startup.VersionLoggerListener.log Command line argument: --add-opens=java.base/java.util=ALL-UNNAMED
13-Jun-2022 16:53:03.644 INFO [main] org.apache.catalina.startup.VersionLoggerListener.log Command line argument: --add-opens=java.base/java.util.concurrent=ALL-UNNAMED
13-Jun-2022 16:53:03.649 INFO [main] org.apache.catalina.startup.VersionLoggerListener.log Command line argument: --add-opens=java.rmi/sun.rmi.transport=ALL-UNNAMED
13-Jun-2022 16:53:03.649 INFO [main] org.apache.catalina.startup.VersionLoggerListener.log Command line argument: -Djava.util.logging.config.file=/opt/apache-tomcat-8.5.81/conf/logging.properties
13-Jun-2022 16:53:03.650 INFO [main] org.apache.catalina.startup.VersionLoggerListener.log Command line argument: -Djava.util.logging.manager=org.apache.juli.ClassLoaderLogManager
13-Jun-2022 16:53:03.650 INFO [main] org.apache.catalina.startup.VersionLoggerListener.log Command line argument: -Djdk.tls.ephemeralDHKeySize=2048
13-Jun-2022 16:53:03.650 INFO [main] org.apache.catalina.startup.VersionLoggerListener.log Command line argument: -Djava.protocol.handler.pkgs=org.apache.catalina.webresources
13-Jun-2022 16:53:03.651 INFO [main] org.apache.catalina.startup.VersionLoggerListener.log Command line argument: -Dorg.apache.catalina.security.SecurityListener.UMASK=0027
13-Jun-2022 16:53:03.651 INFO [main] org.apache.catalina.startup.VersionLoggerListener.log Command line argument: -Dignore.endorsed.dirs=
13-Jun-2022 16:53:03.651 INFO [main] org.apache.catalina.startup.VersionLoggerListener.log Command line argument: -Dcatalina.base=/opt/apache-tomcat-8.5.81
13-Jun-2022 16:53:03.652 INFO [main] org.apache.catalina.startup.VersionLoggerListener.log Command line argument: -Dcatalina.home=/opt/apache-tomcat-8.5.81
13-Jun-2022 16:53:03.653 INFO [main] org.apache.catalina.startup.VersionLoggerListener.log Command line argument: -Djava.io.tmpdir=/opt/apache-tomcat-8.5.81/temp
13-Jun-2022 16:53:03.653 INFO [main] org.apache.catalina.core.AprLifecycleListener.lifecycleEvent The Apache Tomcat Native library which allows using OpenSSL was not found on the java.library.path: [/usr/java/packages/lib:/usr/lib64:/lib64:/lib:/usr/lib]
13-Jun-2022 16:53:03.736 INFO [main] org.apache.coyote.AbstractProtocol.init Initializing ProtocolHandler ["http-nio-8080"]
13-Jun-2022 16:53:03.804 INFO [main] org.apache.catalina.startup.Catalina.load Initialization processed in 1403 ms
13-Jun-2022 16:53:03.957 INFO [main] org.apache.catalina.core.StandardService.startInternal Starting service [Catalina]
13-Jun-2022 16:53:03.960 INFO [main] org.apache.catalina.core.StandardEngine.startInternal Starting Servlet engine: [Apache Tomcat/8.5.81]
13-Jun-2022 16:53:03.985 INFO [localhost-startStop-1] org.apache.catalina.startup.HostConfig.deployDirectory Deploying web application directory [/opt/apache-tomcat-8.5.81/webapps/ROOT]
13-Jun-2022 16:53:04.551 INFO [localhost-startStop-1] org.apache.catalina.startup.HostConfig.deployDirectory Deployment of web application directory [/opt/apache-tomcat-8.5.81/webapps/ROOT] has finished in [565] ms
13-Jun-2022 16:53:04.553 INFO [localhost-startStop-1] org.apache.catalina.startup.HostConfig.deployDirectory Deploying web application directory [/opt/apache-tomcat-8.5.81/webapps/docs]
13-Jun-2022 16:53:04.600 INFO [localhost-startStop-1] org.apache.catalina.startup.HostConfig.deployDirectory Deployment of web application directory [/opt/apache-tomcat-8.5.81/webapps/docs] has finished in [47] ms
13-Jun-2022 16:53:04.604 INFO [localhost-startStop-1] org.apache.catalina.startup.HostConfig.deployDirectory Deploying web application directory [/opt/apache-tomcat-8.5.81/webapps/examples]
13-Jun-2022 16:53:05.113 INFO [localhost-startStop-1] org.apache.catalina.startup.HostConfig.deployDirectory Deployment of web application directory [/opt/apache-tomcat-8.5.81/webapps/examples] has finished in [509] ms
13-Jun-2022 16:53:05.117 INFO [localhost-startStop-1] org.apache.catalina.startup.HostConfig.deployDirectory Deploying web application directory [/opt/apache-tomcat-8.5.81/webapps/host-manager]
13-Jun-2022 16:53:05.177 INFO [localhost-startStop-1] org.apache.catalina.startup.HostConfig.deployDirectory Deployment of web application directory [/opt/apache-tomcat-8.5.81/webapps/host-manager] has finished in [60] ms
13-Jun-2022 16:53:05.177 INFO [localhost-startStop-1] org.apache.catalina.startup.HostConfig.deployDirectory Deploying web application directory [/opt/apache-tomcat-8.5.81/webapps/manager]
13-Jun-2022 16:53:05.219 INFO [localhost-startStop-1] org.apache.catalina.startup.HostConfig.deployDirectory Deployment of web application directory [/opt/apache-tomcat-8.5.81/webapps/manager] has finished in [42] ms
13-Jun-2022 16:53:05.228 INFO [main] org.apache.coyote.AbstractProtocol.start Starting ProtocolHandler ["http-nio-8080"]
13-Jun-2022 16:53:05.256 INFO [main] org.apache.catalina.startup.Catalina.start Server startup in 1451 ms
13-Jun-2022 16:54:29.830 INFO [main] org.apache.catalina.core.StandardServer.await A valid shutdown command was received via the shutdown port. Stopping the Server instance.
13-Jun-2022 16:54:29.831 INFO [main] org.apache.coyote.AbstractProtocol.pause Pausing ProtocolHandler ["http-nio-8080"]
13-Jun-2022 16:54:29.835 INFO [main] org.apache.catalina.core.StandardService.stopInternal Stopping service [Catalina]
13-Jun-2022 16:54:29.898 INFO [main] org.apache.coyote.AbstractProtocol.stop Stopping ProtocolHandler ["http-nio-8080"]
13-Jun-2022 16:54:29.907 INFO [main] org.apache.coyote.AbstractProtocol.destroy Destroying ProtocolHandler ["http-nio-8080"]
13-Jun-2022 16:54:34.233 INFO [main] org.apache.catalina.startup.VersionLoggerListener.log Server version name:   Apache Tomcat/8.5.81
13-Jun-2022 16:54:34.247 INFO [main] org.apache.catalina.startup.VersionLoggerListener.log Server built:          Jun 8 2022 21:30:15 UTC
13-Jun-2022 16:54:34.247 INFO [main] org.apache.catalina.startup.VersionLoggerListener.log Server version number: 8.5.81.0
13-Jun-2022 16:54:34.247 INFO [main] org.apache.catalina.startup.VersionLoggerListener.log OS Name:               Linux
13-Jun-2022 16:54:34.248 INFO [main] org.apache.catalina.startup.VersionLoggerListener.log OS Version:            5.10.109-104.500.amzn2.x86_64
13-Jun-2022 16:54:34.248 INFO [main] org.apache.catalina.startup.VersionLoggerListener.log Architecture:          amd64
13-Jun-2022 16:54:34.248 INFO [main] org.apache.catalina.startup.VersionLoggerListener.log Java Home:             /usr/lib/jvm/java-11-openjdk-11.0.13.0.8-1.amzn2.0.3.x86_64
13-Jun-2022 16:54:34.248 INFO [main] org.apache.catalina.startup.VersionLoggerListener.log JVM Version:           11.0.13+8-LTS
13-Jun-2022 16:54:34.248 INFO [main] org.apache.catalina.startup.VersionLoggerListener.log JVM Vendor:            Red Hat, Inc.
13-Jun-2022 16:54:34.248 INFO [main] org.apache.catalina.startup.VersionLoggerListener.log CATALINA_BASE:         /opt/apache-tomcat-8.5.81
13-Jun-2022 16:54:34.248 INFO [main] org.apache.catalina.startup.VersionLoggerListener.log CATALINA_HOME:         /opt/apache-tomcat-8.5.81
13-Jun-2022 16:54:34.248 INFO [main] org.apache.catalina.startup.VersionLoggerListener.log Command line argument: --add-opens=java.base/java.lang=ALL-UNNAMED
13-Jun-2022 16:54:34.249 INFO [main] org.apache.catalina.startup.VersionLoggerListener.log Command line argument: --add-opens=java.base/java.io=ALL-UNNAMED
13-Jun-2022 16:54:34.249 INFO [main] org.apache.catalina.startup.VersionLoggerListener.log Command line argument: --add-opens=java.base/java.util=ALL-UNNAMED
13-Jun-2022 16:54:34.249 INFO [main] org.apache.catalina.startup.VersionLoggerListener.log Command line argument: --add-opens=java.base/java.util.concurrent=ALL-UNNAMED
13-Jun-2022 16:54:34.249 INFO [main] org.apache.catalina.startup.VersionLoggerListener.log Command line argument: --add-opens=java.rmi/sun.rmi.transport=ALL-UNNAMED
13-Jun-2022 16:54:34.249 INFO [main] org.apache.catalina.startup.VersionLoggerListener.log Command line argument: -Djava.util.logging.config.file=/opt/apache-tomcat-8.5.81/conf/logging.properties
13-Jun-2022 16:54:34.249 INFO [main] org.apache.catalina.startup.VersionLoggerListener.log Command line argument: -Djava.util.logging.manager=org.apache.juli.ClassLoaderLogManager
13-Jun-2022 16:54:34.249 INFO [main] org.apache.catalina.startup.VersionLoggerListener.log Command line argument: -Djdk.tls.ephemeralDHKeySize=2048
13-Jun-2022 16:54:34.249 INFO [main] org.apache.catalina.startup.VersionLoggerListener.log Command line argument: -Djava.protocol.handler.pkgs=org.apache.catalina.webresources
13-Jun-2022 16:54:34.249 INFO [main] org.apache.catalina.startup.VersionLoggerListener.log Command line argument: -Dorg.apache.catalina.security.SecurityListener.UMASK=0027
13-Jun-2022 16:54:34.249 INFO [main] org.apache.catalina.startup.VersionLoggerListener.log Command line argument: -Dignore.endorsed.dirs=
13-Jun-2022 16:54:34.250 INFO [main] org.apache.catalina.startup.VersionLoggerListener.log Command line argument: -Dcatalina.base=/opt/apache-tomcat-8.5.81
13-Jun-2022 16:54:34.250 INFO [main] org.apache.catalina.startup.VersionLoggerListener.log Command line argument: -Dcatalina.home=/opt/apache-tomcat-8.5.81
13-Jun-2022 16:54:34.250 INFO [main] org.apache.catalina.startup.VersionLoggerListener.log Command line argument: -Djava.io.tmpdir=/opt/apache-tomcat-8.5.81/temp
13-Jun-2022 16:54:34.250 INFO [main] org.apache.catalina.core.AprLifecycleListener.lifecycleEvent The Apache Tomcat Native library which allows using OpenSSL was not found on the java.library.path: [/usr/java/packages/lib:/usr/lib64:/lib64:/lib:/usr/lib]
13-Jun-2022 16:54:34.328 INFO [main] org.apache.coyote.AbstractProtocol.init Initializing ProtocolHandler ["http-nio-8080"]
13-Jun-2022 16:54:34.396 INFO [main] org.apache.catalina.startup.Catalina.load Initialization processed in 1377 ms
13-Jun-2022 16:54:34.553 INFO [main] org.apache.catalina.core.StandardService.startInternal Starting service [Catalina]
13-Jun-2022 16:54:34.553 INFO [main] org.apache.catalina.core.StandardEngine.startInternal Starting Servlet engine: [Apache Tomcat/8.5.81]
13-Jun-2022 16:54:34.577 INFO [localhost-startStop-1] org.apache.catalina.startup.HostConfig.deployDirectory Deploying web application directory [/opt/apache-tomcat-8.5.81/webapps/ROOT]
13-Jun-2022 16:54:35.143 INFO [localhost-startStop-1] org.apache.catalina.startup.HostConfig.deployDirectory Deployment of web application directory [/opt/apache-tomcat-8.5.81/webapps/ROOT] has finished in [566] ms
13-Jun-2022 16:54:35.145 INFO [localhost-startStop-1] org.apache.catalina.startup.HostConfig.deployDirectory Deploying web application directory [/opt/apache-tomcat-8.5.81/webapps/docs]
13-Jun-2022 16:54:35.197 INFO [localhost-startStop-1] org.apache.catalina.startup.HostConfig.deployDirectory Deployment of web application directory [/opt/apache-tomcat-8.5.81/webapps/docs] has finished in [52] ms
13-Jun-2022 16:54:35.201 INFO [localhost-startStop-1] org.apache.catalina.startup.HostConfig.deployDirectory Deploying web application directory [/opt/apache-tomcat-8.5.81/webapps/examples]
13-Jun-2022 16:54:35.698 INFO [localhost-startStop-1] org.apache.catalina.startup.HostConfig.deployDirectory Deployment of web application directory [/opt/apache-tomcat-8.5.81/webapps/examples] has finished in [498] ms
13-Jun-2022 16:54:35.699 INFO [localhost-startStop-1] org.apache.catalina.startup.HostConfig.deployDirectory Deploying web application directory [/opt/apache-tomcat-8.5.81/webapps/host-manager]
13-Jun-2022 16:54:35.749 INFO [localhost-startStop-1] org.apache.catalina.startup.HostConfig.deployDirectory Deployment of web application directory [/opt/apache-tomcat-8.5.81/webapps/host-manager] has finished in [50] ms
13-Jun-2022 16:54:35.749 INFO [localhost-startStop-1] org.apache.catalina.startup.HostConfig.deployDirectory Deploying web application directory [/opt/apache-tomcat-8.5.81/webapps/manager]
13-Jun-2022 16:54:35.800 INFO [localhost-startStop-1] org.apache.catalina.startup.HostConfig.deployDirectory Deployment of web application directory [/opt/apache-tomcat-8.5.81/webapps/manager] has finished in [51] ms
13-Jun-2022 16:54:35.805 INFO [main] org.apache.coyote.AbstractProtocol.start Starting ProtocolHandler ["http-nio-8080"]
13-Jun-2022 16:54:35.838 INFO [main] org.apache.catalina.startup.Catalina.start Server startup in 1441 ms
